        -:    0:Source:/workspace/Improved-Masking-for-White-box-AES/src/WBMatrix/WBMatrix.c
        -:    1:#include "WBMatrix/WBMatrix.h"
        -:    2:
        -:    3:unsigned int randseed;
        -:    4:
        -:    5://8bit internal xor table
        -:    6:int xor[] = {0, 1, 1, 0, 1, 0, 0, 1, 1, 0, 0, 1, 0, 1, 1, 0, 1, 0, 0, 1, 0, 
        -:    7:1, 1, 0, 0, 1, 1, 0, 1, 0, 0, 1, 1, 0, 0, 1, 0, 1, 1, 0, 0, 
        -:    8:1, 1, 0, 1, 0, 0, 1, 0, 1, 1, 0, 1, 0, 0, 1, 1, 0, 0, 1, 0, 
        -:    9:1, 1, 0, 1, 0, 0, 1, 0, 1, 1, 0, 0, 1, 1, 0, 1, 0, 0, 1, 0, 
        -:   10:1, 1, 0, 1, 0, 0, 1, 1, 0, 0, 1, 0, 1, 1, 0, 0, 1, 1, 0, 1, 
        -:   11:0, 0, 1, 1, 0, 0, 1, 0, 1, 1, 0, 1, 0, 0, 1, 0, 1, 1, 0, 0, 
        -:   12:1, 1, 0, 1, 0, 0, 1, 1, 0, 0, 1, 0, 1, 1, 0, 0, 1, 1, 0, 1, 
        -:   13:0, 0, 1, 0, 1, 1, 0, 1, 0, 0, 1, 1, 0, 0, 1, 0, 1, 1, 0, 0, 
        -:   14:1, 1, 0, 1, 0, 0, 1, 1, 0, 0, 1, 0, 1, 1, 0, 1, 0, 0, 1, 0, 
        -:   15:1, 1, 0, 0, 1, 1, 0, 1, 0, 0, 1, 0, 1, 1, 0, 1, 0, 0, 1, 1, 
        -:   16:0, 0, 1, 0, 1, 1, 0, 1, 0, 0, 1, 0, 1, 1, 0, 0, 1, 1, 0, 1, 
        -:   17:0, 0, 1, 1, 0, 0, 1, 0, 1, 1, 0, 0, 1, 1, 0, 1, 0, 0, 1, 0, 
        -:   18:1, 1, 0, 1, 0, 0, 1, 1, 0, 0, 1, 0, 1, 1, 0};
        -:   19:
        -:   20://8bit Hamming weight table
        -:   21:int HW[] = {0, 1, 1, 2, 1, 2, 2, 3, 1, 2, 2, 3, 2, 3, 3, 4, 1, 2, 2, 3, 2, 
        -:   22:3, 3, 4, 2, 3, 3, 4, 3, 4, 4, 5, 1, 2, 2, 3, 2, 3, 3, 4, 2, 
        -:   23:3, 3, 4, 3, 4, 4, 5, 2, 3, 3, 4, 3, 4, 4, 5, 3, 4, 4, 5, 4, 
        -:   24:5, 5, 6, 1, 2, 2, 3, 2, 3, 3, 4, 2, 3, 3, 4, 3, 4, 4, 5, 2, 
        -:   25:3, 3, 4, 3, 4, 4, 5, 3, 4, 4, 5, 4, 5, 5, 6, 2, 3, 3, 4, 3, 
        -:   26:4, 4, 5, 3, 4, 4, 5, 4, 5, 5, 6, 3, 4, 4, 5, 4, 5, 5, 6, 4, 
        -:   27:5, 5, 6, 5, 6, 6, 7, 1, 2, 2, 3, 2, 3, 3, 4, 2, 3, 3, 4, 3, 
        -:   28:4, 4, 5, 2, 3, 3, 4, 3, 4, 4, 5, 3, 4, 4, 5, 4, 5, 5, 6, 2, 
        -:   29:3, 3, 4, 3, 4, 4, 5, 3, 4, 4, 5, 4, 5, 5, 6, 3, 4, 4, 5, 4, 
        -:   30:5, 5, 6, 4, 5, 5, 6, 5, 6, 6, 7, 2, 3, 3, 4, 3, 4, 4, 5, 3, 
        -:   31:4, 4, 5, 4, 5, 5, 6, 3, 4, 4, 5, 4, 5, 5, 6, 4, 5, 5, 6, 5, 
        -:   32:6, 6, 7, 3, 4, 4, 5, 4, 5, 5, 6, 4, 5, 5, 6, 5, 6, 6, 7, 4, 
        -:   33:5, 5, 6, 5, 6, 6, 7, 5, 6, 6, 7, 6, 7, 7, 8};
        -:   34:
        -:   35:uint8_t idM4[4] = {0x08, 0x04, 0x02, 0x01};
        -:   36:uint8_t idM8[8] = {0x80, 0x40, 0x20, 0x10, 0x08, 0x04, 0x02, 0x01};
        -:   37:uint16_t idM16[16] = {0x8000, 0x4000, 0x2000, 0x1000, 0x800, 0x400, 0x200, 0x100, 0x80, 0x40, 0x20, 0x10, 0x8, 0x4, 0x2, 0x1};
        -:   38:uint32_t idM32[32] = {0x80000000, 0x40000000, 0x20000000, 0x10000000, 0x8000000, 0x4000000, 0x2000000, 0x1000000, 0x800000, 0x400000, 0x200000, 0x100000, 0x80000, 0x40000, 0x20000, 0x10000, 0x8000, 0x4000, 0x2000, 0x1000, 0x800, 0x400, 0x200, 0x100, 0x80, 0x40, 0x20, 0x10, 0x8, 0x4, 0x2, 0x1};
        -:   39:uint64_t idM64[64] = {0x8000000000000000, 0x4000000000000000, 0x2000000000000000, 0x1000000000000000, 0x800000000000000, 0x400000000000000, 0x200000000000000, 0x100000000000000, 0x80000000000000, 0x40000000000000, 0x20000000000000, 0x10000000000000, 0x8000000000000, 0x4000000000000, 0x2000000000000, 0x1000000000000, 0x800000000000, 0x400000000000, 0x200000000000, 0x100000000000, 0x80000000000, 0x40000000000, 0x20000000000, 0x10000000000, 0x8000000000, 0x4000000000, 0x2000000000, 0x1000000000, 0x800000000, 0x400000000, 0x200000000, 0x100000000, \
        -:   40:                        0x80000000, 0x40000000, 0x20000000, 0x10000000, 0x8000000, 0x4000000, 0x2000000, 0x1000000, 0x800000, 0x400000, 0x200000, 0x100000, 0x80000, 0x40000, 0x20000, 0x10000, 0x8000, 0x4000, 0x2000, 0x1000, 0x800, 0x400, 0x200, 0x100, 0x80, 0x40, 0x20, 0x10, 0x8, 0x4, 0x2, 0x1};
        -:   41:
        2:   42:void SetRandSeed(unsigned int seed)
        -:   43:{
        2:   44:    randseed = seed;
        2:   45:}
        -:   46:
        4:   47:void initM4(M4 *Mat)//initial Matrix 4*4
        -:   48:{
        -:   49:    int i;
       20:   50:    for(i = 0; i < 4; i++)
        -:   51:    {
       16:   52:        (*Mat).M[i] = 0;
        -:   53:    }
        4:   54:}
        2:   55:void initM8(M8 *Mat)//initial Matrix 8*8
        -:   56:{
        -:   57:    int i;
       18:   58:    for(i = 0; i < 8; i++)
        -:   59:    {
       16:   60:        (*Mat).M[i] = 0;
        -:   61:    }
        2:   62:}
        2:   63:void initM16(M16 *Mat)//initial Matrix 16*16
        -:   64:{
        -:   65:    int i;
       34:   66:    for(i = 0; i < 16; i++)
        -:   67:    {
       32:   68:        (*Mat).M[i] = 0;
        -:   69:    }
        2:   70:}
    13730:   71:void initM32(M32 *Mat)//initial Matrix 32*32
        -:   72:{
        -:   73:    int i;
   453090:   74:    for(i = 0; i < 32; i++)
        -:   75:    {
   439360:   76:        (*Mat).M[i] = 0;
        -:   77:    }
    13730:   78:}
    #####:   79:void initM64(M64 *Mat)//initial Matrix 64*64
        -:   80:{
        -:   81:    int i;
    #####:   82:    for(i = 0; i < 64; i++)
        -:   83:    {
    #####:   84:        (*Mat).M[i] = 0;
        -:   85:    }
    #####:   86:}
    #####:   87:void initM128(M128 *Mat)//initial Matrix 128*128
        -:   88:{
        -:   89:    int i;
    #####:   90:    for(i = 0; i < 128; i++)
        -:   91:    {
    #####:   92:        (*Mat).M[i][0] = 0;
    #####:   93:        (*Mat).M[i][1] = 0;
        -:   94:    }
    #####:   95:}
        2:   96:void initV4(V4 *Vec)//initial Vector 4*1
        -:   97:{
        2:   98:    (*Vec).V = 0;
        2:   99:}
        2:  100:void initV8(V8 *Vec)//initial Vector 8*1
        -:  101:{
        2:  102:    (*Vec).V = 0;
        2:  103:}
        2:  104:void initV16(V16 *Vec)//initial Vector 16*1
        -:  105:{
        2:  106:    (*Vec).V = 0;
        2:  107:}
        2:  108:void initV32(V32 *Vec)//initial Vector 32*1
        -:  109:{
        2:  110:    (*Vec).V = 0;
        2:  111:}
    #####:  112:void initV64(V64 *Vec)//initial Vector 64*1
        -:  113:{
    #####:  114:    (*Vec).V = 0;
    #####:  115:}
    #####:  116:void initV128(V128 *Vec)//initial Vector 128*1
        -:  117:{
    #####:  118:    (*Vec).V[0] = 0;
    #####:  119:    (*Vec).V[1] = 0;
    #####:  120:}
        2:  121:void randM4(M4 *Mat)//randomize Matrix 4*4 
        -:  122:{
        -:  123:    int i;
        2:  124:    InitRandom((randseed++) ^ ((unsigned int)time(NULL)));
       10:  125:    for(i = 0; i < 4; i++)
        -:  126:    {
        8:  127:        (*Mat).M[i] = cus_random() & 0x0f;
        -:  128:    }
        2:  129:}
    54914:  130:void randM8(M8 *Mat)//randomize Matrix 8*8 
        -:  131:{
        -:  132:    int i;
    54914:  133:    InitRandom((randseed++) ^ ((unsigned int)time(NULL)));
   494226:  134:    for(i = 0; i < 8; i++)
        -:  135:    {
   439312:  136:        (*Mat).M[i] = cus_random();
        -:  137:    }
    54914:  138:}
    #####:  139:void randM16(M16 *Mat)//randomize Matrix 16*16 
        -:  140:{
        -:  141:    int i;
    #####:  142:    InitRandom((randseed++) ^ ((unsigned int)time(NULL)));
    #####:  143:    for(i = 0; i < 16; i++)
        -:  144:    {
    #####:  145:        (*Mat).M[i] = cus_random();
        -:  146:    }
    #####:  147:}
    10296:  148:void randM32(M32 *Mat)//randomize Matrix 32*32 
        -:  149:{
        -:  150:    int i;
    10296:  151:    InitRandom((randseed++) ^ ((unsigned int)time(NULL)));
   339768:  152:    for(i = 0; i < 32; i++)
        -:  153:    {
   329472:  154:        (*Mat).M[i] = cus_random();
        -:  155:    }
    10296:  156:}
    #####:  157:void randM64(M64 *Mat)//randomize Matrix 64*64 
        -:  158:{
        -:  159:    int i;
        -:  160:    uint32_t *m;
    #####:  161:    InitRandom((randseed++) ^ ((unsigned int)time(NULL)));
    #####:  162:    for(i = 0; i < 64; i++)
        -:  163:    {
    #####:  164:        m = (uint32_t*)&((*Mat).M[i]);
    #####:  165:        *(m+1) = cus_random();
    #####:  166:        *m = cus_random();
        -:  167:    }
    #####:  168:}
    #####:  169:void randM128(M128 *Mat)//randomize Matrix 128*128 
        -:  170:{
        -:  171:    int i;
        -:  172:    uint32_t *m;
    #####:  173:    InitRandom((randseed++) ^ ((unsigned int)time(NULL)));
    #####:  174:    for(i = 0; i < 128; i++)
        -:  175:    {
    #####:  176:        m = (uint32_t*)&((*Mat).M[i][0]);
    #####:  177:        *(m+1) = cus_random();
    #####:  178:        *m = cus_random();
    #####:  179:        m = (uint32_t*)&((*Mat).M[i][1]);
    #####:  180:        *(m+1) = cus_random();
    #####:  181:        *m = cus_random();
        -:  182:    }
    #####:  183:}
        2:  184:void identityM4(M4 *Mat)//identity matrix 4*4
        -:  185:{
        -:  186:    int i;
       10:  187:    for(i = 0; i < 4; i++)
        -:  188:    {
        8:  189:        (*Mat).M[i] = idM4[i];
        -:  190:    }
        2:  191:}
   109824:  192:void identityM8(M8 *Mat)//identity matrix 8*8
        -:  193:{
        -:  194:    int i;
   988416:  195:    for(i = 0; i < 8; i++)
        -:  196:    {
   878592:  197:        (*Mat).M[i] = idM8[i];
        -:  198:    }
   109824:  199:}
    #####:  200:void identityM16(M16 *Mat)//identity matrix 16*16
        -:  201:{
        -:  202:    int i;
    #####:  203:    for(i = 0; i < 16; i++)
        -:  204:    {
    #####:  205:        (*Mat).M[i] = idM16[i];
        -:  206:    }
    #####:  207:}
    20592:  208:void identityM32(M32 *Mat)//identity matrix 32*32
        -:  209:{
        -:  210:    int i;
   679536:  211:    for(i = 0; i < 32; i++)
        -:  212:    {
   658944:  213:        (*Mat).M[i] = idM32[i];
        -:  214:    }
    20592:  215:}
    #####:  216:void identityM64(M64 *Mat)//identity matrix 64*64
        -:  217:{
        -:  218:    int i;
    #####:  219:    for(i = 0; i < 64; i++)
        -:  220:    {
    #####:  221:        (*Mat).M[i] = idM64[i];
        -:  222:    }
    #####:  223:}
    #####:  224:void identityM128(M128 *Mat)//identity matrix 128*128
        -:  225:{
        -:  226:    int i;
    #####:  227:    for(i = 0; i < 64; i++)
        -:  228:    {
    #####:  229:        (*Mat).M[i][0] = idM64[i];
    #####:  230:        (*Mat).M[i][1] = 0;
        -:  231:    }
    #####:  232:    for(i = 64; i < 128; i++)
        -:  233:    {
    #####:  234:        (*Mat).M[i][0] = 0;
    #####:  235:        (*Mat).M[i][1] = idM64[i-64];
        -:  236:    }
    #####:  237:}
        2:  238:void randV4(V4 *Vec)//randomize Vector 4*1
        -:  239:{
        2:  240:    InitRandom((randseed++)^(unsigned int)time(NULL));
        2:  241:    (*Vec).V = cus_random() & 0x0f;
        2:  242:}
        2:  243:void randV8(V8 *Vec)//randomize Vector 8*1
        -:  244:{
        2:  245:    InitRandom((randseed++)^(unsigned int)time(NULL));
        2:  246:    (*Vec).V = cus_random();
        2:  247:}
    #####:  248:void randV16(V16 *Vec)//randomize Vector 16*1
        -:  249:{
    #####:  250:    InitRandom((randseed++)^(unsigned int)time(NULL));
    #####:  251:    (*Vec).V = cus_random();
    #####:  252:}
    #####:  253:void randV32(V32 *Vec)//randomize Vector 32*1
        -:  254:{
    #####:  255:    uint16_t *v = (uint16_t*)&((*Vec).V);
    #####:  256:    InitRandom((randseed++)^(unsigned int)time(NULL));
    #####:  257:    *(v+1) = cus_random();
    #####:  258:    *v = cus_random();
    #####:  259:}
    #####:  260:void randV64(V64 *Vec)//randomize Vector 64*1
        -:  261:{
    #####:  262:    uint16_t *v = (uint16_t*)&((*Vec).V);
    #####:  263:    InitRandom((randseed++)^(unsigned int)time(NULL));
    #####:  264:    *(v+3) = cus_random();
    #####:  265:    *(v+2) = cus_random();
    #####:  266:    *(v+1) = cus_random();
    #####:  267:    *v = cus_random();
    #####:  268:}
    #####:  269:void randV128(V128 *Vec)//randomize Vector 128*1
        -:  270:{
    #####:  271:    uint16_t *v = (uint16_t*)&((*Vec).V[0]);
    #####:  272:    InitRandom((randseed++)^(unsigned int)time(NULL));
    #####:  273:    *(v+3) = cus_random();
    #####:  274:    *(v+2) = cus_random();
    #####:  275:    *(v+1) = cus_random();
    #####:  276:    *v = cus_random();
    #####:  277:    v = (uint16_t*)&((*Vec).V[1]);
    #####:  278:    *(v+3) = cus_random();
    #####:  279:    *(v+2) = cus_random();
    #####:  280:    *(v+1) = cus_random();
    #####:  281:    *v = cus_random();
    #####:  282:}
    #####:  283:void printM4(M4 Mat)//printf Matrix 4*4
        -:  284:{
        -:  285:    int i;
    #####:  286:    for(i = 0; i < 4; i++)
        -:  287:    {
    #####:  288:        printf("0x%x\n", Mat.M[i]);
        -:  289:    }
    #####:  290:}
    #####:  291:void printM8(M8 Mat)//printf Matrix 8*8
        -:  292:{
        -:  293:    int i;
    #####:  294:    for(i = 0; i < 8; i++)
        -:  295:    {
    #####:  296:        printf("0x%x\n", Mat.M[i]);
        -:  297:    }
    #####:  298:}
    #####:  299:void printM16(M16 Mat)//printf Matrix 16*16
        -:  300:{
        -:  301:    int i;
    #####:  302:    for(i = 0; i < 16; i++)
        -:  303:    {
    #####:  304:        printf("0x%x\n", Mat.M[i]);
        -:  305:    }
    #####:  306:}
    #####:  307:void printM32(M32 Mat)//printf Matrix 32*32
        -:  308:{
        -:  309:    int i;
    #####:  310:    for(i = 0; i < 32; i++)
        -:  311:    {
    #####:  312:        printf("0x%x\n", Mat.M[i]);
        -:  313:    }
    #####:  314:}
    #####:  315:void printM64(M64 Mat)//printf Matrix 64*64
        -:  316:{
        -:  317:    int i;
    #####:  318:    for(i = 0; i < 64; i++)
        -:  319:    {
    #####:  320:        printf("0x%llx\n", Mat.M[i]);
        -:  321:    }
    #####:  322:}
    #####:  323:void printM128(M128 Mat)//printf Matrix 128*128
        -:  324:{
        -:  325:    int i;
    #####:  326:    for(i = 0; i < 128; i++)
        -:  327:    {
    #####:  328:        printf("0x%llx ", Mat.M[i][0]);
    #####:  329:        printf("0x%llx\n", Mat.M[i][1]);
        -:  330:    }
    #####:  331:}
    #####:  332:void printV4(V4 Vec)//printf Vector 4*1
        -:  333:{
    #####:  334:    printf("0x%x\n", Vec.V);
    #####:  335:}
    #####:  336:void printV8(V8 Vec)//printf Vector 8*1
        -:  337:{
    #####:  338:    printf("0x%x\n", Vec.V);
    #####:  339:}
    #####:  340:void printV16(V16 Vec)//printf Vector 16*1
        -:  341:{
    #####:  342:    printf("0x%x\n", Vec.V);
    #####:  343:}
    #####:  344:void printV32(V32 Vec)//printf Vector 32*1
        -:  345:{
    #####:  346:    printf("0x%x\n", Vec.V);
    #####:  347:}
    #####:  348:void printV64(V64 Vec)//printf Vector 64*1
        -:  349:{
    #####:  350:    printf("0x%llx\n", Vec.V);
    #####:  351:}
    #####:  352:void printV128(V128 Vec)//printf Vector 128*1
        -:  353:{
    #####:  354:    printf("0x%llx ", Vec.V[0]);
    #####:  355:    printf("0x%llx\n", Vec.V[1]);
    #####:  356:}
        2:  357:void copyM4(M4 Mat1, M4 *Mat2)
        -:  358:{
        -:  359:    int i;
       10:  360:    for(i = 0; i < 4; i++)
        -:  361:    {
        8:  362:        (*Mat2).M[i] = Mat1.M[i];
        -:  363:    }
        2:  364:}
    70740:  365:void copyM8(M8 Mat1, M8 *Mat2)
        -:  366:{
        -:  367:    int i;
   636660:  368:    for(i = 0; i < 8; i++)
        -:  369:    {
   565920:  370:        (*Mat2).M[i] = Mat1.M[i];
        -:  371:    }
    70740:  372:}
    #####:  373:void copyM16(M16 Mat1, M16 *Mat2)
        -:  374:{
        -:  375:    int i;
    #####:  376:    for(i = 0; i < 16; i++)
        -:  377:    {
    #####:  378:        (*Mat2).M[i] = Mat1.M[i];
        -:  379:    }
    #####:  380:}
    13214:  381:void copyM32(M32 Mat1, M32 *Mat2)
        -:  382:{
        -:  383:    int i;
   436062:  384:    for(i = 0; i < 32; i++)
        -:  385:    {
   422848:  386:        (*Mat2).M[i] = Mat1.M[i];
        -:  387:    }
    13214:  388:}
    #####:  389:void copyM64(M64 Mat1, M64 *Mat2)
        -:  390:{
        -:  391:    int i;
    #####:  392:    for(i = 0; i < 64; i++)
        -:  393:    {
    #####:  394:        (*Mat2).M[i] = Mat1.M[i];
        -:  395:    }
    #####:  396:}
    #####:  397:void copyM128(M128 Mat1, M128 *Mat2)
        -:  398:{
        -:  399:    int i;
    #####:  400:    for(i = 0; i < 128; i++)
        -:  401:    {
    #####:  402:        (*Mat2).M[i][0] = Mat1.M[i][0];
    #####:  403:        (*Mat2).M[i][1] = Mat1.M[i][1];
        -:  404:    }
    #####:  405:}
        2:  406:int isequalM4(M4 Mat1, M4 Mat2)
        -:  407:{
        -:  408:    int i;
        2:  409:    int flag = 1;
       10:  410:    for(i = 0; i < 4; i++)
        -:  411:    {
        8:  412:        if(Mat1.M[i] != Mat2.M[i])
        -:  413:        {
    #####:  414:            flag = 0;
    #####:  415:            break;
        -:  416:        }
        -:  417:    }
        2:  418:    return flag;
        -:  419:}
    #####:  420:int isequalM8(M8 Mat1, M8 Mat2)
        -:  421:{
        -:  422:    int i;
    #####:  423:    int flag = 1;
    #####:  424:    for(i = 0; i < 8; i++)
        -:  425:    {
    #####:  426:        if(Mat1.M[i] != Mat2.M[i])
        -:  427:        {
    #####:  428:            flag = 0;
    #####:  429:            break;
        -:  430:        }
        -:  431:    }
    #####:  432:    return flag;
        -:  433:}
    #####:  434:int isequalM16(M16 Mat1, M16 Mat2)
        -:  435:{
        -:  436:    int i;
    #####:  437:    int flag = 1;
    #####:  438:    for(i = 0; i < 16; i++)
        -:  439:    {
    #####:  440:        if(Mat1.M[i] != Mat2.M[i])
        -:  441:        {
    #####:  442:            flag = 0;
    #####:  443:            break;
        -:  444:        }
        -:  445:    }
    #####:  446:    return flag;
        -:  447:}
    #####:  448:int isequalM32(M32 Mat1, M32 Mat2)
        -:  449:{
        -:  450:    int i;
    #####:  451:    int flag = 1;
    #####:  452:    for(i = 0; i < 32; i++)
        -:  453:    {
    #####:  454:        if(Mat1.M[i] != Mat2.M[i])
        -:  455:        {
    #####:  456:            flag = 0;
    #####:  457:            break;
        -:  458:        }
        -:  459:    }
    #####:  460:    return flag;
        -:  461:}
    #####:  462:int isequalM64(M64 Mat1, M64 Mat2)
        -:  463:{
        -:  464:    int i;
    #####:  465:    int flag = 1;
    #####:  466:    for(i = 0; i < 64; i++)
        -:  467:    {
    #####:  468:        if(Mat1.M[i] != Mat2.M[i])
        -:  469:        {
    #####:  470:            flag = 0;
    #####:  471:            break;
        -:  472:        }
        -:  473:    }
    #####:  474:    return flag;
        -:  475:}
    #####:  476:int isequalM128(M128 Mat1, M128 Mat2)
        -:  477:{
        -:  478:    int i;
    #####:  479:    int flag = 1;
    #####:  480:    for(i = 0; i < 128; i++)
        -:  481:    {
    #####:  482:        if(Mat1.M[i][0] != Mat2.M[i][0])
        -:  483:        {
    #####:  484:            flag = 0;
    #####:  485:            break;
        -:  486:        }
    #####:  487:        if(Mat1.M[i][1] != Mat2.M[i][1])
        -:  488:        {
    #####:  489:            flag = 0;
    #####:  490:            break;
        -:  491:        }
        -:  492:    }
    #####:  493:    return flag;
        -:  494:}
    #####:  495:int isequalV4(V4 Vec1, V4 Vec2)
        -:  496:{
    #####:  497:    int flag = 1;
    #####:  498:    if(Vec1.V != Vec2.V) flag = 0;
    #####:  499:    return flag;
        -:  500:}
    #####:  501:int isequalV8(V8 Vec1, V8 Vec2)
        -:  502:{
    #####:  503:    int flag = 1;
    #####:  504:    if(Vec1.V != Vec2.V) flag = 0;
    #####:  505:    return flag;
        -:  506:}
    #####:  507:int isequalV16(V16 Vec1, V16 Vec2)
        -:  508:{
    #####:  509:    int flag = 1;
    #####:  510:    if(Vec1.V != Vec2.V) flag = 0;
    #####:  511:    return flag;
        -:  512:}
    #####:  513:int isequalV32(V32 Vec1, V32 Vec2)
        -:  514:{
    #####:  515:    int flag = 1;
    #####:  516:    if(Vec1.V != Vec2.V) flag = 0;
    #####:  517:    return flag;
        -:  518:}
    #####:  519:int isequalV64(V64 Vec1, V64 Vec2)
        -:  520:{
    #####:  521:    int flag = 1;
    #####:  522:    if(Vec1.V != Vec2.V) flag = 0;
    #####:  523:    return flag;
        -:  524:}
    #####:  525:int isequalV128(V128 Vec1, V128 Vec2)
        -:  526:{
    #####:  527:    int flag = 1;
    #####:  528:    if(Vec1.V[0] != Vec2.V[0]) flag = 0;
    #####:  529:    if(Vec1.V[1] != Vec2.V[1]) flag = 0;
    #####:  530:    return flag;
        -:  531:}
       64:  532:int readbitM4(M4 Mat, int i, int j)//read one bit in a matrix, i in n rows, j in n columns, i,j: 0-3
        -:  533:{
       64:  534:    if((Mat.M[i] & idM4[j]) == idM4[j]) return 1;
       48:  535:    else return 0;
        -:  536:}
    #####:  537:int readbitM8(M8 Mat, int i, int j)//read one bit in a matrix, i in n rows, j in n columns, i,j: 0-7
        -:  538:{
    #####:  539:    if((Mat.M[i] & idM8[j]) == idM8[j]) return 1;
    #####:  540:    else return 0;
        -:  541:}
    #####:  542:int readbitM16(M16 Mat, int i, int j)//read one bit in a matrix, i in n rows, j in n columns, i,j: 0-15
        -:  543:{
    #####:  544:    if((Mat.M[i] & idM16[j]) == idM16[j]) return 1;
    #####:  545:    else return 0;
        -:  546:}
    #####:  547:int readbitM32(M32 Mat, int i, int j)//read one bit in a matrix, i in n rows, j in n columns, i,j: 0-31
        -:  548:{
    #####:  549:    if((Mat.M[i] & idM32[j]) == idM32[j]) return 1;
    #####:  550:    else return 0;
        -:  551:}
    #####:  552:int readbitM64(M64 Mat, int i, int j)//read one bit in a matrix, i in n rows, j in n columns, i,j: 0-63
        -:  553:{
    #####:  554:    if((Mat.M[i] & idM64[j]) == idM64[j]) return 1;
    #####:  555:    else return 0;
        -:  556:}
    #####:  557:int readbitM128(M128 Mat, int i, int j)//read one bit in a matrix, i in n rows, j in n columns, i,j: 0-127
        -:  558:{
    #####:  559:    if(j < 64)
        -:  560:    {
    #####:  561:        if((Mat.M[i][0] & idM64[j]) == idM64[j]) return 1;
    #####:  562:        else return 0;
        -:  563:    }
        -:  564:    else
        -:  565:    {
    #####:  566:        if((Mat.M[i][1] & idM64[j - 64]) == idM64[j - 64]) return 1;
    #####:  567:        else return 0;
        -:  568:    }
        -:  569:}
    #####:  570:void flipbitM4(M4 *Mat, int i, int j)//flip (i, j) bit in a matrix
        -:  571:{
    #####:  572:    (*Mat).M[i] ^= idM4[j];
    #####:  573:}
    #####:  574:void flipbitM8(M8 *Mat, int i, int j)//flip (i, j) bit in a matrix
        -:  575:{
    #####:  576:    (*Mat).M[i] ^= idM8[j];
    #####:  577:}
    #####:  578:void flipbitM16(M16 *Mat, int i, int j)//flip (i, j) bit in a matrix
        -:  579:{
    #####:  580:    (*Mat).M[i] ^= idM16[j];
    #####:  581:}
    #####:  582:void flipbitM32(M32 *Mat, int i, int j)//flip (i, j) bit in a matrix
        -:  583:{
    #####:  584:    (*Mat).M[i] ^= idM32[j];
    #####:  585:}
    #####:  586:void flipbitM64(M64 *Mat, int i, int j)//flip (i, j) bit in a matrix
        -:  587:{
    #####:  588:    (*Mat).M[i] ^= idM64[j];
    #####:  589:}
    #####:  590:void flipbitM128(M128 *Mat, int i, int j)//flip (i, j) bit in a matrix
        -:  591:{
    #####:  592:    if(j <64)
        -:  593:    {
    #####:  594:        (*Mat).M[i][0] ^= idM64[j];
        -:  595:    }
        -:  596:    else
        -:  597:    {
    #####:  598:        (*Mat).M[i][1] ^= idM64[j - 64];
        -:  599:    }
    #####:  600:}
       32:  601:void setbitM4(M4 *Mat, int i, int j, int bit)//set (i, j) bit in a matrix, bit = 0/1
        -:  602:{
       32:  603:    if(readbitM4(*Mat, i, j) == bit) return;
    #####:  604:    else flipbitM4(Mat, i, j);
        -:  605:}
    #####:  606:void setbitM8(M8 *Mat, int i, int j, int bit)//set (i, j) bit in a matrix, bit = 0/1
        -:  607:{
    #####:  608:    if(readbitM8(*Mat, i, j) == bit) return;
    #####:  609:    else flipbitM8(Mat, i, j);
        -:  610:}
    #####:  611:void setbitM16(M16 *Mat, int i, int j, int bit)//set (i, j) bit in a matrix, bit = 0/1
        -:  612:{
    #####:  613:    if(readbitM16(*Mat, i, j) == bit) return;
    #####:  614:    else flipbitM16(Mat, i, j);
        -:  615:}
    #####:  616:void setbitM32(M32 *Mat, int i, int j, int bit)//set (i, j) bit in a matrix, bit = 0/1
        -:  617:{
    #####:  618:    if(readbitM32(*Mat, i, j) == bit) return;
    #####:  619:    else flipbitM32(Mat, i, j);
        -:  620:}
    #####:  621:void setbitM64(M64 *Mat, int i, int j, int bit)//set (i, j) bit in a matrix, bit = 0/1
        -:  622:{
    #####:  623:    if(readbitM64(*Mat, i, j) == bit) return;
    #####:  624:    else flipbitM64(Mat, i, j);
        -:  625:}
    #####:  626:void setbitM128(M128 *Mat, int i, int j, int bit)//set (i, j) bit in a matrix, bit = 0/1
        -:  627:{
    #####:  628:    if(readbitM128(*Mat, i, j) == bit) return;
    #####:  629:    else flipbitM128(Mat, i, j);
        -:  630:}
    #####:  631:int isinvertM4(M4 Mat)//Invertible Matrix?
        -:  632:{
        -:  633:    int i, j, k;
        -:  634:    uint8_t temp;
        -:  635:    int flag;
    #####:  636:    for(i = 0; i < 4; i++)
        -:  637:    {
    #####:  638:        if((Mat.M[i] & idM4[i]) == idM4[i])
        -:  639:        {
    #####:  640:            for(j = i + 1; j < 4; j++)
        -:  641:            {
    #####:  642:                if((Mat.M[j] & idM4[i]) == idM4[i])
        -:  643:                {
    #####:  644:                    Mat.M[j] ^= Mat.M[i];
        -:  645:                }
        -:  646:            }
        -:  647:        }
        -:  648:        else
        -:  649:        {
    #####:  650:            flag = 1;
    #####:  651:            for(j = i + 1; j < 4; j++)
        -:  652:            {
    #####:  653:                if((Mat.M[j] & idM4[i]) == idM4[i])
        -:  654:                {
    #####:  655:                    temp = Mat.M[i];
    #####:  656:                    Mat.M[i] = Mat.M[j];
    #####:  657:                    Mat.M[j] = temp;
    #####:  658:                    flag = 0;
    #####:  659:                    break;
        -:  660:                }
        -:  661:            }
    #####:  662:            if(flag) return 0;
    #####:  663:            for(k = i + 1; k < 4; k++)
        -:  664:            {
    #####:  665:                if((Mat.M[k] & idM4[i]) == idM4[i])
        -:  666:                {
    #####:  667:                    Mat.M[k] ^= Mat.M[i];
        -:  668:                }
        -:  669:            }
        -:  670:        }
        -:  671:    }
    #####:  672:    if(Mat.M[3] == idM4[3]) return 1;
    #####:  673:    else return 0;
        -:  674:}
    #####:  675:int isinvertM8(M8 Mat)//Invertible Matrix?
        -:  676:{
        -:  677:    int i, j, k;
        -:  678:    uint8_t temp;
        -:  679:    int flag;
    #####:  680:    for(i = 0; i < 8; i++)
        -:  681:    {
    #####:  682:        if((Mat.M[i] & idM8[i]) == idM8[i])
        -:  683:        {
    #####:  684:            for(j = i + 1; j < 8; j++)
        -:  685:            {
    #####:  686:                if((Mat.M[j] & idM8[i]) == idM8[i])
        -:  687:                {
    #####:  688:                    Mat.M[j] ^= Mat.M[i];
        -:  689:                }
        -:  690:            }
        -:  691:        }
        -:  692:        else
        -:  693:        {
    #####:  694:            flag = 1;
    #####:  695:            for(j = i + 1; j < 8; j++)
        -:  696:            {
    #####:  697:                if((Mat.M[j] & idM8[i]) == idM8[i])
        -:  698:                {
    #####:  699:                    temp = Mat.M[i];
    #####:  700:                    Mat.M[i] = Mat.M[j];
    #####:  701:                    Mat.M[j] = temp;
    #####:  702:                    flag = 0;
    #####:  703:                    break;
        -:  704:                }
        -:  705:            }
    #####:  706:            if(flag) return 0;
    #####:  707:            for(k = i + 1; k < 8; k++)
        -:  708:            {
    #####:  709:                if((Mat.M[k] & idM8[i]) == idM8[i])
        -:  710:                {
    #####:  711:                    Mat.M[k] ^= Mat.M[i];
        -:  712:                }
        -:  713:            }
        -:  714:        }
        -:  715:    }
    #####:  716:    if(Mat.M[7] == idM8[7]) return 1;
    #####:  717:    else return 0;
        -:  718:}
    #####:  719:int isinvertM16(M16 Mat)//Invertible Matrix?
        -:  720:{
        -:  721:    int i, j, k;
        -:  722:    uint16_t temp;
        -:  723:    int flag;
    #####:  724:    for(i = 0; i < 16; i++)
        -:  725:    {
    #####:  726:        if((Mat.M[i] & idM16[i]) == idM16[i])
        -:  727:        {
    #####:  728:            for(j = i + 1; j < 16; j++)
        -:  729:            {
    #####:  730:                if((Mat.M[j] & idM16[i]) == idM16[i])
        -:  731:                {
    #####:  732:                    Mat.M[j] ^= Mat.M[i];
        -:  733:                }
        -:  734:            }
        -:  735:        }
        -:  736:        else
        -:  737:        {
    #####:  738:            flag = 1;
    #####:  739:            for(j = i + 1; j < 16; j++)
        -:  740:            {
    #####:  741:                if((Mat.M[j] & idM16[i]) == idM16[i])
        -:  742:                {
    #####:  743:                    temp = Mat.M[i];
    #####:  744:                    Mat.M[i] = Mat.M[j];
    #####:  745:                    Mat.M[j] = temp;
    #####:  746:                    flag = 0;
    #####:  747:                    break;
        -:  748:                }
        -:  749:            }
    #####:  750:            if(flag) return 0;
    #####:  751:            for(k = i + 1; k < 16; k++)
        -:  752:            {
    #####:  753:                if((Mat.M[k] & idM16[i]) == idM16[i])
        -:  754:                {
    #####:  755:                    Mat.M[k] ^= Mat.M[i];
        -:  756:                }
        -:  757:            }
        -:  758:        }
        -:  759:    }
    #####:  760:    if(Mat.M[15] == idM16[15]) return 1;
    #####:  761:    else return 0;
        -:  762:}
    #####:  763:int isinvertM32(M32 Mat)//Invertible Matrix?
        -:  764:{
        -:  765:    int i, j, k;
        -:  766:    uint32_t temp;
        -:  767:    int flag;
    #####:  768:    for(i = 0; i < 32; i++)
        -:  769:    {
    #####:  770:        if((Mat.M[i] & idM32[i]) == idM32[i])
        -:  771:        {
    #####:  772:            for(j = i + 1; j < 32; j++)
        -:  773:            {
    #####:  774:                if((Mat.M[j] & idM32[i]) == idM32[i])
        -:  775:                {
    #####:  776:                    Mat.M[j] ^= Mat.M[i];
        -:  777:                }
        -:  778:            }
        -:  779:        }
        -:  780:        else
        -:  781:        {
    #####:  782:            flag = 1;
    #####:  783:            for(j = i + 1; j < 32; j++)
        -:  784:            {
    #####:  785:                if((Mat.M[j] & idM32[i]) == idM32[i])
        -:  786:                {
    #####:  787:                    temp = Mat.M[i];
    #####:  788:                    Mat.M[i] = Mat.M[j];
    #####:  789:                    Mat.M[j] = temp;
    #####:  790:                    flag = 0;
    #####:  791:                    break;
        -:  792:                }
        -:  793:            }
    #####:  794:            if(flag) return 0;
    #####:  795:            for(k = i + 1; k < 32; k++)
        -:  796:            {
    #####:  797:                if((Mat.M[k] & idM32[i]) == idM32[i])
        -:  798:                {
    #####:  799:                    Mat.M[k] ^= Mat.M[i];
        -:  800:                }
        -:  801:            }
        -:  802:        }
        -:  803:    }
    #####:  804:    if(Mat.M[31] == idM32[31]) return 1;
    #####:  805:    else return 0;
        -:  806:}
    #####:  807:int isinvertM64(M64 Mat)//Invertible Matrix?
        -:  808:{
        -:  809:    int i, j, k;
        -:  810:    uint64_t temp;
        -:  811:    int flag;
    #####:  812:    for(i = 0; i < 64; i++)
        -:  813:    {
    #####:  814:        if((Mat.M[i] & idM64[i]) == idM64[i])
        -:  815:        {
    #####:  816:            for(j = i + 1; j < 64; j++)
        -:  817:            {
    #####:  818:                if((Mat.M[j] & idM64[i]) == idM64[i])
        -:  819:                {
    #####:  820:                    Mat.M[j] ^= Mat.M[i];
        -:  821:                }
        -:  822:            }
        -:  823:        }
        -:  824:        else
        -:  825:        {
    #####:  826:            flag = 1;
    #####:  827:            for(j = i + 1; j < 64; j++)
        -:  828:            {
    #####:  829:                if((Mat.M[j] & idM64[i]) == idM64[i])
        -:  830:                {
    #####:  831:                    temp = Mat.M[i];
    #####:  832:                    Mat.M[i] = Mat.M[j];
    #####:  833:                    Mat.M[j] = temp;
    #####:  834:                    flag = 0;
    #####:  835:                    break;
        -:  836:                }
        -:  837:            }
    #####:  838:            if(flag) return 0;
    #####:  839:            for(k = i + 1; k < 64; k++)
        -:  840:            {
    #####:  841:                if((Mat.M[k] & idM64[i]) == idM64[i])
        -:  842:                {
    #####:  843:                    Mat.M[k] ^= Mat.M[i];
        -:  844:                }
        -:  845:            }
        -:  846:        }
        -:  847:    }
    #####:  848:    if(Mat.M[63] == idM64[63]) return 1;
    #####:  849:    else return 0;
        -:  850:}
    #####:  851:int isinvertM128(M128 Mat)//Invertible Matrix?
        -:  852:{
        -:  853:    int i, j, k;
        -:  854:    uint64_t temp[2];
        -:  855:    int flag;
    #####:  856:    for(i = 0; i < 64; i++)
        -:  857:    {
    #####:  858:        if((Mat.M[i][0] & idM64[i]) == idM64[i])
        -:  859:        {
    #####:  860:            for(j = i + 1; j < 128; j++)
        -:  861:            {
    #####:  862:                if((Mat.M[j][0] & idM64[i]) == idM64[i])
        -:  863:                {
    #####:  864:                    Mat.M[j][0] ^= Mat.M[i][0];
    #####:  865:                    Mat.M[j][1] ^= Mat.M[i][1];
        -:  866:                }
        -:  867:            }
        -:  868:        }
        -:  869:        else
        -:  870:        {
    #####:  871:            flag = 1;
    #####:  872:            for(j = i + 1; j < 128; j++)
        -:  873:            {
    #####:  874:                if((Mat.M[j][0] & idM64[i]) == idM64[i])
        -:  875:                {
    #####:  876:                    temp[0] = Mat.M[i][0];
    #####:  877:                    Mat.M[i][0] = Mat.M[j][0];
    #####:  878:                    Mat.M[j][0] = temp[0];
        -:  879:
    #####:  880:                    temp[1] = Mat.M[i][1];
    #####:  881:                    Mat.M[i][1] = Mat.M[j][1];
    #####:  882:                    Mat.M[j][1] = temp[1];
    #####:  883:                    flag = 0;
    #####:  884:                    break;
        -:  885:                }
        -:  886:            }
    #####:  887:            if(flag) return 0;
    #####:  888:            for(k = i + 1; k < 128; k++)
        -:  889:            {
    #####:  890:                if((Mat.M[k][0] & idM64[i]) == idM64[i])
        -:  891:                {
    #####:  892:                    Mat.M[k][0] ^= Mat.M[i][0];
    #####:  893:                    Mat.M[k][1] ^= Mat.M[i][1];
        -:  894:                }
        -:  895:            }
        -:  896:        }
        -:  897:    }
    #####:  898:    for(i = 64; i < 128;i++)
        -:  899:    {
    #####:  900:        if((Mat.M[i][1] & idM64[i-64]) == idM64[i-64])
        -:  901:        {
    #####:  902:            for(j = i + 1; j < 128; j++)
        -:  903:            {
    #####:  904:                if((Mat.M[j][1] & idM64[i-64]) == idM64[i-64])
        -:  905:                {
    #####:  906:                    Mat.M[j][1] ^= Mat.M[i][1];
        -:  907:                }
        -:  908:            }
        -:  909:        }
        -:  910:        else
        -:  911:        {
    #####:  912:            flag = 1;
    #####:  913:            for(j = i + 1; j < 128; j++)
        -:  914:            {
    #####:  915:                if((Mat.M[j][1] & idM64[i-64]) == idM64[i-64])
        -:  916:                {
    #####:  917:                    temp[1] = Mat.M[i][1];
    #####:  918:                    Mat.M[i][1] = Mat.M[j][1];
    #####:  919:                    Mat.M[j][1] = temp[1];
    #####:  920:                    flag = 0;
    #####:  921:                    break;
        -:  922:                }
        -:  923:            }
    #####:  924:            if(flag) return 0;
    #####:  925:            for(k = i + 1; k < 128; k++)
        -:  926:            {
    #####:  927:                if((Mat.M[k][1] & idM64[i-64]) == idM64[i-64])
        -:  928:                {
    #####:  929:                    Mat.M[k][1] ^= Mat.M[i][1];
        -:  930:                }
        -:  931:            }
        -:  932:        }
        -:  933:    }
    #####:  934:    if(Mat.M[127][1] == idM64[63]) return 1;
    #####:  935:    else return 0;
        -:  936:}
    #####:  937:void invsM4(M4 Mat, M4 *Mat_inv)//compute the 4*4 inverse matrix
        -:  938:{
        -:  939:    int i, j, k;
        -:  940:    uint8_t temp;
    #####:  941:    identityM4(Mat_inv);
    #####:  942:    for(i = 0; i < 4; i++)
        -:  943:    {
    #####:  944:        if((Mat.M[i] & idM4[i]) == idM4[i])
        -:  945:        {
    #####:  946:            for(j = i + 1; j < 4; j++)
        -:  947:            {
    #####:  948:                if((Mat.M[j] & idM4[i]) == idM4[i])
        -:  949:                {
    #####:  950:                    Mat.M[j] ^= Mat.M[i];
    #####:  951:                    (*Mat_inv).M[j] ^= (*Mat_inv).M[i];
        -:  952:                }
        -:  953:            }
        -:  954:        }
        -:  955:        else
        -:  956:        {
    #####:  957:            for(j = i + 1; j < 4; j++)
        -:  958:            {
    #####:  959:                if((Mat.M[j] & idM4[i]) == idM4[i])
        -:  960:                {
    #####:  961:                    temp = Mat.M[i];
    #####:  962:                    Mat.M[i] = Mat.M[j];
    #####:  963:                    Mat.M[j] = temp;
        -:  964:
    #####:  965:                    temp = (*Mat_inv).M[i];
    #####:  966:                    (*Mat_inv).M[i] = (*Mat_inv).M[j];
    #####:  967:                    (*Mat_inv).M[j] = temp;
    #####:  968:                    break;
        -:  969:                }
        -:  970:            }
    #####:  971:            for(k = i + 1; k < 4; k++)
        -:  972:            {
    #####:  973:                if((Mat.M[k] & idM4[i]) == idM4[i])
        -:  974:                {
    #####:  975:                    Mat.M[k] ^= Mat.M[i];
    #####:  976:                    (*Mat_inv).M[k] ^= (*Mat_inv).M[i];
        -:  977:                }
        -:  978:            }
        -:  979:        }
        -:  980:    }
    #####:  981:    for(i = 3; i >= 0; i--)
        -:  982:    {
    #####:  983:        for(j = i - 1; j >= 0; j--)
        -:  984:        {
    #####:  985:            if((Mat.M[j] & idM4[i]) == idM4[i])
        -:  986:            {
    #####:  987:                Mat.M[j] ^= Mat.M[i];
    #####:  988:                (*Mat_inv).M[j] ^= (*Mat_inv).M[i];
        -:  989:            }
        -:  990:        }
        -:  991:    }
    #####:  992:}
    #####:  993:void invsM8(M8 Mat, M8 *Mat_inv)//compute the 8*8 inverse matrix
        -:  994:{
        -:  995:    int i, j, k;
        -:  996:    uint8_t temp;
    #####:  997:    identityM8(Mat_inv);
    #####:  998:    for(i = 0; i < 8; i++)
        -:  999:    {
    #####: 1000:        if((Mat.M[i] & idM8[i]) == idM8[i])
        -: 1001:        {
    #####: 1002:            for(j = i + 1; j < 8; j++)
        -: 1003:            {
    #####: 1004:                if((Mat.M[j] & idM8[i]) == idM8[i])
        -: 1005:                {
    #####: 1006:                    Mat.M[j] ^= Mat.M[i];
    #####: 1007:                    (*Mat_inv).M[j] ^= (*Mat_inv).M[i];
        -: 1008:                }
        -: 1009:            }
        -: 1010:        }
        -: 1011:        else
        -: 1012:        {
    #####: 1013:            for(j = i + 1; j < 8; j++)
        -: 1014:            {
    #####: 1015:                if((Mat.M[j] & idM8[i]) == idM8[i])
        -: 1016:                {
    #####: 1017:                    temp = Mat.M[i];
    #####: 1018:                    Mat.M[i] = Mat.M[j];
    #####: 1019:                    Mat.M[j] = temp;
        -: 1020:
    #####: 1021:                    temp = (*Mat_inv).M[i];
    #####: 1022:                    (*Mat_inv).M[i] = (*Mat_inv).M[j];
    #####: 1023:                    (*Mat_inv).M[j] = temp;
    #####: 1024:                    break;
        -: 1025:                }
        -: 1026:            }
    #####: 1027:            for(k = i + 1; k < 8; k++)
        -: 1028:            {
    #####: 1029:                if((Mat.M[k] & idM8[i]) == idM8[i])
        -: 1030:                {
    #####: 1031:                    Mat.M[k] ^= Mat.M[i];
    #####: 1032:                    (*Mat_inv).M[k] ^= (*Mat_inv).M[i];
        -: 1033:                }
        -: 1034:            }
        -: 1035:        }
        -: 1036:    }
    #####: 1037:    for(i = 7; i >= 0; i--)
        -: 1038:    {
    #####: 1039:        for(j = i - 1; j >= 0; j--)
        -: 1040:        {
    #####: 1041:            if((Mat.M[j] & idM8[i]) == idM8[i])
        -: 1042:            {
    #####: 1043:                Mat.M[j] ^= Mat.M[i];
    #####: 1044:                (*Mat_inv).M[j] ^= (*Mat_inv).M[i];
        -: 1045:            }
        -: 1046:        }
        -: 1047:    }
    #####: 1048:}
    #####: 1049:void invsM16(M16 Mat, M16 *Mat_inv)//compute the 16*16 inverse matrix
        -: 1050:{
        -: 1051:    int i, j, k;
        -: 1052:    uint16_t temp;
    #####: 1053:    identityM16(Mat_inv);
    #####: 1054:    for(i = 0; i < 16; i++)
        -: 1055:    {
    #####: 1056:        if((Mat.M[i] & idM16[i]) == idM16[i])
        -: 1057:        {
    #####: 1058:            for(j = i + 1; j < 16; j++)
        -: 1059:            {
    #####: 1060:                if((Mat.M[j] & idM16[i]) == idM16[i])
        -: 1061:                {
    #####: 1062:                    Mat.M[j] ^= Mat.M[i];
    #####: 1063:                    (*Mat_inv).M[j] ^= (*Mat_inv).M[i];
        -: 1064:                }
        -: 1065:            }
        -: 1066:        }
        -: 1067:        else
        -: 1068:        {
    #####: 1069:            for(j = i + 1; j < 16; j++)
        -: 1070:            {
    #####: 1071:                if((Mat.M[j] & idM16[i]) == idM16[i])
        -: 1072:                {
    #####: 1073:                    temp = Mat.M[i];
    #####: 1074:                    Mat.M[i] = Mat.M[j];
    #####: 1075:                    Mat.M[j] = temp;
        -: 1076:
    #####: 1077:                    temp = (*Mat_inv).M[i];
    #####: 1078:                    (*Mat_inv).M[i] = (*Mat_inv).M[j];
    #####: 1079:                    (*Mat_inv).M[j] = temp;
    #####: 1080:                    break;
        -: 1081:                }
        -: 1082:            }
    #####: 1083:            for(k = i + 1; k < 16; k++)
        -: 1084:            {
    #####: 1085:                if((Mat.M[k] & idM16[i]) == idM16[i])
        -: 1086:                {
    #####: 1087:                    Mat.M[k] ^= Mat.M[i];
    #####: 1088:                    (*Mat_inv).M[k] ^= (*Mat_inv).M[i];
        -: 1089:                }
        -: 1090:            }
        -: 1091:        }
        -: 1092:    }
    #####: 1093:    for(i = 15; i >= 0; i--)
        -: 1094:    {
    #####: 1095:        for(j = i - 1; j >= 0; j--)
        -: 1096:        {
    #####: 1097:            if((Mat.M[j] & idM16[i]) == idM16[i])
        -: 1098:            {
    #####: 1099:                Mat.M[j] ^= Mat.M[i];
    #####: 1100:                (*Mat_inv).M[j] ^= (*Mat_inv).M[i];
        -: 1101:            }
        -: 1102:        }
        -: 1103:    }
    #####: 1104:}
    #####: 1105:void invsM32(M32 Mat, M32 *Mat_inv)//compute the 32*32 inverse matrix
        -: 1106:{
        -: 1107:    int i, j, k;
        -: 1108:    uint32_t temp;
    #####: 1109:    identityM32(Mat_inv);
    #####: 1110:    for(i = 0; i < 32; i++)
        -: 1111:    {
    #####: 1112:        if((Mat.M[i] & idM32[i]) == idM32[i])
        -: 1113:        {
    #####: 1114:            for(j = i + 1; j < 32; j++)
        -: 1115:            {
    #####: 1116:                if((Mat.M[j] & idM32[i]) == idM32[i])
        -: 1117:                {
    #####: 1118:                    Mat.M[j] ^= Mat.M[i];
    #####: 1119:                    (*Mat_inv).M[j] ^= (*Mat_inv).M[i];
        -: 1120:                }
        -: 1121:            }
        -: 1122:        }
        -: 1123:        else
        -: 1124:        {
    #####: 1125:            for(j = i + 1; j < 32; j++)
        -: 1126:            {
    #####: 1127:                if((Mat.M[j] & idM32[i]) == idM32[i])
        -: 1128:                {
    #####: 1129:                    temp = Mat.M[i];
    #####: 1130:                    Mat.M[i] = Mat.M[j];
    #####: 1131:                    Mat.M[j] = temp;
        -: 1132:
    #####: 1133:                    temp = (*Mat_inv).M[i];
    #####: 1134:                    (*Mat_inv).M[i] = (*Mat_inv).M[j];
    #####: 1135:                    (*Mat_inv).M[j] = temp;
    #####: 1136:                    break;
        -: 1137:                }
        -: 1138:            }
    #####: 1139:            for(k = i + 1; k < 32; k++)
        -: 1140:            {
    #####: 1141:                if((Mat.M[k] & idM32[i]) == idM32[i])
        -: 1142:                {
    #####: 1143:                    Mat.M[k] ^= Mat.M[i];
    #####: 1144:                    (*Mat_inv).M[k] ^= (*Mat_inv).M[i];
        -: 1145:                }
        -: 1146:            }
        -: 1147:        }
        -: 1148:    }
    #####: 1149:    for(i = 31; i >= 0; i--)
        -: 1150:    {
    #####: 1151:        for(j = i - 1; j >= 0; j--)
        -: 1152:        {
    #####: 1153:            if((Mat.M[j] & idM32[i]) == idM32[i])
        -: 1154:            {
    #####: 1155:                Mat.M[j] ^= Mat.M[i];
    #####: 1156:                (*Mat_inv).M[j] ^= (*Mat_inv).M[i];
        -: 1157:            }
        -: 1158:        }
        -: 1159:    }
    #####: 1160:}
    #####: 1161:void invsM64(M64 Mat, M64 *Mat_inv)//compute the 64*64 inverse matrix
        -: 1162:{
        -: 1163:    int i, j, k;
        -: 1164:    uint64_t temp;
    #####: 1165:    identityM64(Mat_inv);
    #####: 1166:    for(i = 0; i < 64; i++)
        -: 1167:    {
    #####: 1168:        if((Mat.M[i] & idM64[i]) == idM64[i])
        -: 1169:        {
    #####: 1170:            for(j = i + 1; j < 64; j++)
        -: 1171:            {
    #####: 1172:                if((Mat.M[j] & idM64[i]) == idM64[i])
        -: 1173:                {
    #####: 1174:                    Mat.M[j] ^= Mat.M[i];
    #####: 1175:                    (*Mat_inv).M[j] ^= (*Mat_inv).M[i];
        -: 1176:                }
        -: 1177:            }
        -: 1178:        }
        -: 1179:        else
        -: 1180:        {
    #####: 1181:            for(j = i + 1; j < 64; j++)
        -: 1182:            {
    #####: 1183:                if((Mat.M[j] & idM64[i]) == idM64[i])
        -: 1184:                {
    #####: 1185:                    temp = Mat.M[i];
    #####: 1186:                    Mat.M[i] = Mat.M[j];
    #####: 1187:                    Mat.M[j] = temp;
        -: 1188:
    #####: 1189:                    temp = (*Mat_inv).M[i];
    #####: 1190:                    (*Mat_inv).M[i] = (*Mat_inv).M[j];
    #####: 1191:                    (*Mat_inv).M[j] = temp;
    #####: 1192:                    break;
        -: 1193:                }
        -: 1194:            }
    #####: 1195:            for(k = i + 1; k < 64; k++)
        -: 1196:            {
    #####: 1197:                if((Mat.M[k] & idM64[i]) == idM64[i])
        -: 1198:                {
    #####: 1199:                    Mat.M[k] ^= Mat.M[i];
    #####: 1200:                    (*Mat_inv).M[k] ^= (*Mat_inv).M[i];
        -: 1201:                }
        -: 1202:            }
        -: 1203:        }
        -: 1204:    }
    #####: 1205:    for(i = 63; i >= 0; i--)
        -: 1206:    {
    #####: 1207:        for(j = i - 1; j >= 0; j--)
        -: 1208:        {
    #####: 1209:            if((Mat.M[j] & idM64[i]) == idM64[i])
        -: 1210:            {
    #####: 1211:                Mat.M[j] ^= Mat.M[i];
    #####: 1212:                (*Mat_inv).M[j] ^= (*Mat_inv).M[i];
        -: 1213:            }
        -: 1214:        }
        -: 1215:    }
    #####: 1216:}
    #####: 1217:void invsM128(M128 Mat, M128 *Mat_inv)//compute the 128*128 inverse matrix
        -: 1218:{
        -: 1219:    int i, j, k;
        -: 1220:    uint64_t temp[2];
    #####: 1221:    identityM128(Mat_inv);
    #####: 1222:    for(i = 0; i < 64; i++)
        -: 1223:    {
    #####: 1224:        if((Mat.M[i][0] & idM64[i]) == idM64[i])
        -: 1225:        {
    #####: 1226:            for(j = i + 1; j < 128; j++)
        -: 1227:            {
    #####: 1228:                if((Mat.M[j][0] & idM64[i]) == idM64[i])
        -: 1229:                {
    #####: 1230:                    Mat.M[j][0] ^= Mat.M[i][0];
    #####: 1231:                    Mat.M[j][1] ^= Mat.M[i][1];
        -: 1232:
    #####: 1233:                    (*Mat_inv).M[j][0] ^= (*Mat_inv).M[i][0];
    #####: 1234:                    (*Mat_inv).M[j][1] ^= (*Mat_inv).M[i][1];
        -: 1235:                }
        -: 1236:            }
        -: 1237:        }
        -: 1238:        else
        -: 1239:        {
    #####: 1240:            for(j = i + 1; j < 128; j++)
        -: 1241:            {
    #####: 1242:                if((Mat.M[j][0] & idM64[i]) == idM64[i])
        -: 1243:                {
    #####: 1244:                    temp[0] = Mat.M[i][0];
    #####: 1245:                    Mat.M[i][0] = Mat.M[j][0];
    #####: 1246:                    Mat.M[j][0] = temp[0];
        -: 1247:
    #####: 1248:                    temp[1] = Mat.M[i][1];
    #####: 1249:                    Mat.M[i][1] = Mat.M[j][1];
    #####: 1250:                    Mat.M[j][1] = temp[1];
        -: 1251:
    #####: 1252:                    temp[0] = (*Mat_inv).M[i][0];
    #####: 1253:                    (*Mat_inv).M[i][0] = (*Mat_inv).M[j][0];
    #####: 1254:                    (*Mat_inv).M[j][0] = temp[0];
        -: 1255:
    #####: 1256:                    temp[1] = (*Mat_inv).M[i][1];
    #####: 1257:                    (*Mat_inv).M[i][1] = (*Mat_inv).M[j][1];
    #####: 1258:                    (*Mat_inv).M[j][1] = temp[1];
    #####: 1259:                    break;
        -: 1260:                }
        -: 1261:            }
    #####: 1262:            for(k = i + 1; k < 128; k++)
        -: 1263:            {
    #####: 1264:                if((Mat.M[k][0] & idM64[i]) == idM64[i])
        -: 1265:                {
    #####: 1266:                    Mat.M[k][0] ^= Mat.M[i][0];
    #####: 1267:                    Mat.M[k][1] ^= Mat.M[i][1];
        -: 1268:
    #####: 1269:                    (*Mat_inv).M[k][0] ^= (*Mat_inv).M[i][0];
    #####: 1270:                    (*Mat_inv).M[k][1] ^= (*Mat_inv).M[i][1];
        -: 1271:                }
        -: 1272:            }
        -: 1273:        }
        -: 1274:    }
    #####: 1275:    for(i = 64; i < 128; i++)
        -: 1276:    {
    #####: 1277:        if((Mat.M[i][1] & idM64[i-64]) == idM64[i-64])
        -: 1278:        {
    #####: 1279:            for(j = i + 1; j < 128; j++)
        -: 1280:            {
    #####: 1281:                if((Mat.M[j][1] & idM64[i-64]) == idM64[i-64])
        -: 1282:                {
    #####: 1283:                    Mat.M[j][1] ^= Mat.M[i][1];
        -: 1284:
    #####: 1285:                    (*Mat_inv).M[j][0] ^= (*Mat_inv).M[i][0];
    #####: 1286:                    (*Mat_inv).M[j][1] ^= (*Mat_inv).M[i][1];
        -: 1287:                }
        -: 1288:            }
        -: 1289:        }
        -: 1290:        else
        -: 1291:        {
    #####: 1292:            for(j = i + 1; j < 128; j++)
        -: 1293:            {
    #####: 1294:                if((Mat.M[j][1] & idM64[i-64]) == idM64[i-64])
        -: 1295:                {
    #####: 1296:                    temp[1] = Mat.M[i][1];
    #####: 1297:                    Mat.M[i][1] = Mat.M[j][1];
    #####: 1298:                    Mat.M[j][1] = temp[1];
        -: 1299:
    #####: 1300:                    temp[0] = (*Mat_inv).M[i][0];
    #####: 1301:                    (*Mat_inv).M[i][0] = (*Mat_inv).M[j][0];
    #####: 1302:                    (*Mat_inv).M[j][0] = temp[0];
        -: 1303:
    #####: 1304:                    temp[1] = (*Mat_inv).M[i][1];
    #####: 1305:                    (*Mat_inv).M[i][1] = (*Mat_inv).M[j][1];
    #####: 1306:                    (*Mat_inv).M[j][1] = temp[1];
    #####: 1307:                    break;
        -: 1308:                }
        -: 1309:            }
    #####: 1310:            for(k = i + 1; k < 128; k++)
        -: 1311:            {
    #####: 1312:                if((Mat.M[k][1] & idM64[i-64]) == idM64[i-64])
        -: 1313:                {
    #####: 1314:                    Mat.M[k][1] ^= Mat.M[i][1];
        -: 1315:
    #####: 1316:                    (*Mat_inv).M[k][0] ^= (*Mat_inv).M[i][0];
    #####: 1317:                    (*Mat_inv).M[k][1] ^= (*Mat_inv).M[i][1];
        -: 1318:                }
        -: 1319:            }
        -: 1320:        }
        -: 1321:    }
    #####: 1322:    for(i = 127; i >= 64; i--)
        -: 1323:    {
    #####: 1324:        for(j = i - 1; j >= 0; j--)
        -: 1325:        {
    #####: 1326:            if((Mat.M[j][1] & idM64[i-64]) == idM64[i-64])
        -: 1327:            {
    #####: 1328:                Mat.M[j][1] ^= Mat.M[i][1];
    #####: 1329:                (*Mat_inv).M[j][0] ^= (*Mat_inv).M[i][0];
    #####: 1330:                (*Mat_inv).M[j][1] ^= (*Mat_inv).M[i][1];
        -: 1331:            }
        -: 1332:        }
        -: 1333:    }
    #####: 1334:    for(i = 63; i >= 0; i--)
        -: 1335:    {
    #####: 1336:        for(j = i - 1; j >= 0; j--)
        -: 1337:        {
    #####: 1338:            if((Mat.M[j][0] & idM64[i]) == idM64[i])
        -: 1339:            {
    #####: 1340:                Mat.M[j][0] ^= Mat.M[i][0];
    #####: 1341:                (*Mat_inv).M[j][0] ^= (*Mat_inv).M[i][0];
    #####: 1342:                (*Mat_inv).M[j][1] ^= (*Mat_inv).M[i][1];
        -: 1343:            }
        -: 1344:        }
        -: 1345:    }
    #####: 1346:}
    #####: 1347:uint8_t affineU4(Aff4 aff, uint8_t arr)//4bits affine transformation
        -: 1348:{
        -: 1349:    V4 mul_vec, ans_vec;
    #####: 1350:    mul_vec.V = arr;
    #####: 1351:    MatMulVecM4(aff.Mat, mul_vec, &ans_vec);//mul
    #####: 1352:    return ans_vec.V ^ aff.Vec.V;//add
        -: 1353:}
    #####: 1354:uint8_t affineU8(Aff8 aff, uint8_t arr)//8bits affine transformation
        -: 1355:{
        -: 1356:    V8 mul_vec, ans_vec;
    #####: 1357:    mul_vec.V = arr;
    #####: 1358:    MatMulVecM8(aff.Mat, mul_vec, &ans_vec);//mul
    #####: 1359:    return ans_vec.V ^ aff.Vec.V;//add
        -: 1360:}
    #####: 1361:uint16_t affineU16(Aff16 aff, uint16_t arr)//16bits affine transformation
        -: 1362:{
        -: 1363:    V16 mul_vec, ans_vec;
    #####: 1364:    mul_vec.V = arr;
    #####: 1365:    MatMulVecM16(aff.Mat, mul_vec, &ans_vec);//mul
    #####: 1366:    return ans_vec.V ^ aff.Vec.V;//add
        -: 1367:}
    #####: 1368:uint32_t affineU32(Aff32 aff, uint32_t arr)//32bits affine transformation
        -: 1369:{
        -: 1370:    V32 mul_vec, ans_vec;
    #####: 1371:    mul_vec.V = arr;
    #####: 1372:    MatMulVecM32(aff.Mat, mul_vec, &ans_vec);//mul
    #####: 1373:    return ans_vec.V ^ aff.Vec.V;//add
        -: 1374:}
    #####: 1375:uint64_t affineU64(Aff64 aff, uint64_t arr)//64bits affine transformation
        -: 1376:{
        -: 1377:    V64 mul_vec, ans_vec;
    #####: 1378:    mul_vec.V = arr;
    #####: 1379:    MatMulVecM64(aff.Mat, mul_vec, &ans_vec);//mul
    #####: 1380:    return ans_vec.V ^ aff.Vec.V;//add
        -: 1381:}
    #####: 1382:void affineU128(Aff128 aff, uint64_t arr[], uint64_t ans[])//128bits affine transformation
        -: 1383:{
        -: 1384:    V128 mul_vec, ans_vec;
    #####: 1385:    mul_vec.V[0] = arr[0];
    #####: 1386:    mul_vec.V[1] = arr[1];
    #####: 1387:    MatMulVecM128(aff.Mat, mul_vec, &ans_vec);//mul
    #####: 1388:    ans[0] = ans_vec.V[0] ^ aff.Vec.V[0];//add
    #####: 1389:    ans[1] = ans_vec.V[1] ^ aff.Vec.V[1];
    #####: 1390:}
       32: 1391:int xorU4(uint8_t n)// 4bits internal xor
        -: 1392:{
       32: 1393:    if(xor[n]) return 1;
       16: 1394:    else return 0;
        -: 1395:}
53849489452: 1396:int xorU8(uint8_t n)// uint8_t internal xor
        -: 1397:{
53849489452: 1398:    if(xor[n]) return 1;
26926471165: 1399:    else return 0;
        -: 1400:}
39398408204: 1401:int xorU16(uint16_t n)// uint16_t internal xor
        -: 1402:{
39398408204: 1403:    uint8_t temp = 0;
39398408204: 1404:    uint8_t* u = (uint8_t*)&n;
39398408204: 1405:    temp = (*u) ^ (*(u+1));
39398408204: 1406:    if(xorU8(temp)) return 1;
19700930525: 1407:    else return 0;
        -: 1408:}
39398408198: 1409:int xorU32(uint32_t n)// uint32_t internal xor
        -: 1410:{
39398408198: 1411:    uint16_t temp = 0;
39398408198: 1412:    uint16_t* u = (uint16_t*)&n;
39398408198: 1413:    temp = (*u) ^ (*(u+1));
39398408198: 1414:    if(xorU16(temp)) return 1;
19700930519: 1415:    else return 0;
        -: 1416:}
    #####: 1417:int xorU64(uint64_t n)// uint64_t internal xor
        -: 1418:{
    #####: 1419:    uint32_t temp = 0;
    #####: 1420:    uint32_t* u = (uint32_t*)&n;
    #####: 1421:    temp = (*u) ^ (*(u+1));
    #####: 1422:    if(xorU32(temp)) return 1;
    #####: 1423:    else return 0;
        -: 1424:}
    #####: 1425:int xorU128(uint64_t n[])// uint128_t internal xor
        -: 1426:{
    #####: 1427:    uint64_t temp = 0;
    #####: 1428:    temp = n[0] ^ n[1];
    #####: 1429:    if(xorU64(temp)) return 1;
    #####: 1430:    else return 0;
        -: 1431:}
       32: 1432:int HWU4(uint8_t n)// 4bits HW
        -: 1433:{
       32: 1434:    return HW[n];
        -: 1435:}
       68: 1436:int HWU8(uint8_t n)// uint8_t HW
        -: 1437:{
       68: 1438:    return HW[n];
        -: 1439:}
       18: 1440:int HWU16(uint16_t n)// uint16_t HW
        -: 1441:{
       18: 1442:    uint8_t* u = (uint8_t*)&n;
       18: 1443:    return HWU8(*u) + HWU8(*(u+1));
        -: 1444:}
        6: 1445:int HWU32(uint32_t n)// uint32_t HW
        -: 1446:{
        6: 1447:    uint16_t* u = (uint16_t*)&n;
        6: 1448:    return HWU16(*u) + HWU16(*(u+1));
        -: 1449:}
    #####: 1450:int HWU64(uint64_t n)// uint64_t HW
        -: 1451:{
    #####: 1452:    uint32_t* u = (uint32_t*)&n;
    #####: 1453:    return HWU32(*u) + HWU32(*(u+1));
        -: 1454:}
    #####: 1455:int HWU128(uint64_t n[])// uint128_t HW
        -: 1456:{
    #####: 1457:    return HWU64(n[0]) + HWU64(n[1]);
        -: 1458:}
    #####: 1459:void printU8(uint8_t n)//printf uint8_t
        -: 1460:{
    #####: 1461:    printf("0x%x\n", n);
    #####: 1462:}
    #####: 1463:void printU16(uint16_t n)//printf uint16_t
        -: 1464:{
    #####: 1465:    printf("0x%x\n", n);
    #####: 1466:}
    #####: 1467:void printU32(uint32_t n)//printf uint32_t
        -: 1468:{
    #####: 1469:    printf("0x%x\n", n);
    #####: 1470:}
    #####: 1471:void printU64(uint64_t n)//printf uint64_t
        -: 1472:{
    #####: 1473:    printf("0x%x\n", n);
    #####: 1474:}
    #####: 1475:void printU128(uint64_t n[])//printf uint128_t
        -: 1476:{
    #####: 1477:    printf("0x%x ", n[0]);
    #####: 1478:    printf("0x%x\n", n[1]);
    #####: 1479:}
    #####: 1480:void printbitM4(M4 Mat)//printf Matrix 4*4 in the form of bits 
        -: 1481:{
        -: 1482:    int i, j;
        -: 1483:    uint8_t temp;
    #####: 1484:    for(i = 0; i < 4; i++)
        -: 1485:    {
    #####: 1486:        temp = Mat.M[i];
    #####: 1487:        for(j = 0; j < 4; j++)
        -: 1488:        {
    #####: 1489:            if(temp & 0x08) printf("%d ", 1);
    #####: 1490:            else printf("%d ", 0);
    #####: 1491:            temp = temp << 1;
        -: 1492:        }
    #####: 1493:        printf("\n");
        -: 1494:    }
    #####: 1495:    printf("\n");
    #####: 1496:}
    #####: 1497:void printbitM8(M8 Mat)//printf Matrix 8*8 in the form of bits 
        -: 1498:{
        -: 1499:    int i, j;
        -: 1500:    uint8_t temp;
    #####: 1501:    for(i = 0; i < 8; i++)
        -: 1502:    {
    #####: 1503:        temp = Mat.M[i];
    #####: 1504:        for(j = 0; j < 8; j++)
        -: 1505:        {
    #####: 1506:            if(temp & 0x80) printf("%d ", 1);
    #####: 1507:            else printf("%d ", 0);
    #####: 1508:            temp = temp << 1;
        -: 1509:        }
    #####: 1510:        printf("\n");
        -: 1511:    }
    #####: 1512:    printf("\n");
    #####: 1513:}
    #####: 1514:void printbitM16(M16 Mat)//printf Matrix 16*16 in the form of bits 
        -: 1515:{
        -: 1516:    int i, j;
        -: 1517:    uint16_t temp;
    #####: 1518:    for(i = 0; i < 16; i++)
        -: 1519:    {
    #####: 1520:        temp = Mat.M[i];
    #####: 1521:        for(j = 0; j < 16; j++)
        -: 1522:        {
    #####: 1523:            if(temp & 0x8000) printf("%d ", 1);
    #####: 1524:            else printf("%d ", 0);
    #####: 1525:            temp = temp << 1;
        -: 1526:        }
    #####: 1527:        printf("\n");
        -: 1528:    }
    #####: 1529:    printf("\n");
    #####: 1530:}
    #####: 1531:void printbitM32(M32 Mat)//printf Matrix 32*32 in the form of bits 
        -: 1532:{
        -: 1533:    int i, j;
        -: 1534:    uint32_t temp;
    #####: 1535:    for(i = 0; i < 32; i++)
        -: 1536:    {
    #####: 1537:        temp = Mat.M[i];
    #####: 1538:        for(j = 0; j < 32; j++)
        -: 1539:        {
    #####: 1540:            if(temp & 0x80000000) printf("%d ", 1);
    #####: 1541:            else printf("%d ", 0);
    #####: 1542:            temp = temp << 1;
        -: 1543:        }
    #####: 1544:        printf("\n");
        -: 1545:    }
    #####: 1546:    printf("\n");
    #####: 1547:}
    #####: 1548:void printbitM64(M64 Mat)//printf Matrix 64*64 in the form of bits 
        -: 1549:{
        -: 1550:    int i, j;
        -: 1551:    uint64_t temp;
    #####: 1552:    for(i = 0; i < 64; i++)
        -: 1553:    {
    #####: 1554:        temp = Mat.M[i];
    #####: 1555:        for(j = 0; j < 64; j++)
        -: 1556:        {
    #####: 1557:            if(temp & 0x8000000000000000) printf("%d ", 1);
    #####: 1558:            else printf("%d ", 0);
    #####: 1559:            temp = temp << 1;
        -: 1560:        }
    #####: 1561:        printf("\n");
        -: 1562:    }
    #####: 1563:    printf("\n");
    #####: 1564:}
    #####: 1565:void printbitM128(M128 Mat)//printf Matrix 128*128 in the form of bits 
        -: 1566:{
        -: 1567:    int i, j;
        -: 1568:    uint64_t temp;
    #####: 1569:    for(i = 0; i < 128; i++)
        -: 1570:    {
    #####: 1571:        temp = Mat.M[i][0];
    #####: 1572:        for(j = 0; j < 64; j++)
        -: 1573:        {
    #####: 1574:            if(temp & 0x8000000000000000) printf("%d ", 1);
    #####: 1575:            else printf("%d ", 0);
    #####: 1576:            temp = temp << 1;
        -: 1577:        }
    #####: 1578:        temp = Mat.M[i][1];
    #####: 1579:        for(j = 0; j < 64; j++)
        -: 1580:        {
    #####: 1581:            if(temp & 0x8000000000000000) printf("%d ", 1);
    #####: 1582:            else printf("%d ", 0);
    #####: 1583:            temp = temp << 1;
        -: 1584:        }
    #####: 1585:        printf("\n");
        -: 1586:    }
    #####: 1587:    printf("\n");
    #####: 1588:}
    #####: 1589:void VecAddVecV4(V4 Vec1, V4 Vec2, V4 *Vec)
        -: 1590:{
    #####: 1591:    (*Vec).V = Vec1.V ^ Vec2.V;
    #####: 1592:}
    #####: 1593:void VecAddVecV8(V8 Vec1, V8 Vec2, V8 *Vec)
        -: 1594:{
    #####: 1595:    (*Vec).V = Vec1.V ^ Vec2.V;
    #####: 1596:}
    #####: 1597:void VecAddVecV16(V16 Vec1, V16 Vec2, V16 *Vec)
        -: 1598:{
    #####: 1599:    (*Vec).V = Vec1.V ^ Vec2.V;
    #####: 1600:}
    #####: 1601:void VecAddVecV32(V32 Vec1, V32 Vec2, V32 *Vec)
        -: 1602:{
    #####: 1603:    (*Vec).V = Vec1.V ^ Vec2.V;
    #####: 1604:}
    #####: 1605:void VecAddVecV64(V64 Vec1, V64 Vec2, V64 *Vec)
        -: 1606:{
    #####: 1607:    (*Vec).V = Vec1.V ^ Vec2.V;
    #####: 1608:}
    #####: 1609:void VecAddVecV128(V128 Vec1, V128 Vec2, V128 *Vec)
        -: 1610:{
    #####: 1611:    (*Vec).V[0] = Vec1.V[0] ^ Vec2.V[0];
    #####: 1612:    (*Vec).V[1] = Vec1.V[1] ^ Vec2.V[1];
    #####: 1613:}
    #####: 1614:uint8_t MatMulNumM4(M4 Mat, uint8_t n)//matrix * number -> number 4bits
        -: 1615:{
        -: 1616:    int i;
    #####: 1617:    uint8_t temp = 0;
    #####: 1618:    for(i = 0; i < 4; i++)
        -: 1619:    {
    #####: 1620:        if(xorU4(Mat.M[i] & n & 0x0f)) temp ^= idM4[i];
        -: 1621:    }
    #####: 1622:    return temp;
        -: 1623:}
1806385152: 1624:uint8_t MatMulNumM8(M8 Mat, uint8_t n)//matrix * number -> number 8bits
        -: 1625:{
        -: 1626:    int i;
1806385152: 1627:    uint8_t temp = 0;
16257466368: 1628:    for(i = 0; i < 8; i++)
        -: 1629:    {
14451081216: 1630:        if(xorU8(Mat.M[i] & n)) temp ^= idM8[i];
        -: 1631:    }
1806385152: 1632:    return temp;
        -: 1633:}
    #####: 1634:uint16_t MatMulNumM16(M16 Mat, uint16_t n)//matrix * number -> number 16bits
        -: 1635:{
        -: 1636:    int i;
    #####: 1637:    uint16_t temp = 0;
    #####: 1638:    for(i = 0; i < 16; i++)
        -: 1639:    {
    #####: 1640:        if(xorU16(Mat.M[i] & n)) temp ^= idM16[i];
        -: 1641:    }
    #####: 1642:    return temp;
        -: 1643:}
1231200256: 1644:uint32_t MatMulNumM32(M32 Mat, uint32_t n)//matrix * number -> number 32bits
        -: 1645:{
        -: 1646:    int i;
1231200256: 1647:    uint32_t temp = 0;
40629608448: 1648:    for(i = 0; i < 32; i++)
        -: 1649:    {
39398408192: 1650:        if(xorU32(Mat.M[i] & n)) temp ^= idM32[i];
        -: 1651:    }
1231200256: 1652:    return temp;
        -: 1653:}
    #####: 1654:uint64_t MatMulNumM64(M64 Mat, uint64_t n)//matrix * number -> number 64bits
        -: 1655:{
        -: 1656:    int i;
    #####: 1657:    uint64_t temp = 0;
    #####: 1658:    for(i = 0; i < 64; i++)
        -: 1659:    {
    #####: 1660:        if(xorU64(Mat.M[i] & n)) temp ^= idM64[i];
        -: 1661:    }
    #####: 1662:    return temp;
        -: 1663:}
    #####: 1664:void MatMulVecM4(M4 Mat, V4 Vec, V4 *ans)//matrix * vector -> vector 4*1
        -: 1665:{
        -: 1666:    int i;
    #####: 1667:    initV4(ans);
    #####: 1668:    for(i = 0; i < 4; i++)
        -: 1669:    {
    #####: 1670:        if(xorU4(Mat.M[i] & Vec.V & 0x0f)) (*ans).V ^= idM4[i];
        -: 1671:    }
    #####: 1672:}
    #####: 1673:void MatMulVecM8(M8 Mat, V8 Vec, V8 *ans)//matrix * vector -> vector 8*1
        -: 1674:{
        -: 1675:    int i;
    #####: 1676:    initV8(ans);
    #####: 1677:    for(i = 0; i < 8; i++)
        -: 1678:    {
    #####: 1679:        if(xorU8(Mat.M[i] & Vec.V)) (*ans).V ^= idM8[i];
        -: 1680:    }
    #####: 1681:}
    #####: 1682:void MatMulVecM16(M16 Mat, V16 Vec, V16 *ans)//matrix * vector -> vector 16*1
        -: 1683:{
        -: 1684:    int i;
    #####: 1685:    initV16(ans);
    #####: 1686:    for(i = 0; i < 16; i++)
        -: 1687:    {
    #####: 1688:        if(xorU16(Mat.M[i] & Vec.V)) (*ans).V ^= idM16[i];
        -: 1689:    }
    #####: 1690:}
    #####: 1691:void MatMulVecM32(M32 Mat, V32 Vec, V32 *ans)//matrix * vector -> vector 32*1
        -: 1692:{
        -: 1693:    int i;
    #####: 1694:    initV32(ans);
    #####: 1695:    for(i = 0; i < 32; i++)
        -: 1696:    {
    #####: 1697:        if(xorU32(Mat.M[i] & Vec.V)) (*ans).V ^= idM32[i];
        -: 1698:    }
    #####: 1699:}
    #####: 1700:void MatMulVecM64(M64 Mat, V64 Vec, V64 *ans)//matrix * vector -> vector 64*1
        -: 1701:{
        -: 1702:    int i;
    #####: 1703:    initV64(ans);
    #####: 1704:    for(i = 0; i < 64; i++)
        -: 1705:    {
    #####: 1706:        if(xorU64(Mat.M[i] & Vec.V)) (*ans).V ^= idM64[i];
        -: 1707:    }
    #####: 1708:}
    #####: 1709:void MatMulVecM128(M128 Mat, V128 Vec, V128 *ans)//matrix * vector -> vector 128*1
        -: 1710:{
        -: 1711:    int i;
    #####: 1712:    initV128(ans);
        -: 1713:    uint64_t temp[2]; 
    #####: 1714:    for(i = 0; i < 64; i++)
        -: 1715:    {
    #####: 1716:        temp[0] = Mat.M[i][0] & Vec.V[0];
    #####: 1717:        temp[1] = Mat.M[i][1] & Vec.V[1];
    #####: 1718:        if(xorU128(temp)) (*ans).V[0] ^= idM64[i];
        -: 1719:    }
    #####: 1720:    for(i = 64; i < 128; i++)
        -: 1721:    {
    #####: 1722:        temp[0] = Mat.M[i][0] & Vec.V[0];
    #####: 1723:        temp[1] = Mat.M[i][1] & Vec.V[1];
    #####: 1724:        if(xorU128(temp)) (*ans).V[1] ^= idM64[i-64];
        -: 1725:    }
    #####: 1726:}
    #####: 1727:void genMatpairM4(M4 *Mat, M4 *Mat_inv)//generate 4*4 invertible matrix and its inverse matrix
        -: 1728:{
        -: 1729:    int i, j, t, k;
        -: 1730:    int p, q;
        -: 1731:    M4 tempMat;
        -: 1732:    M4 resultMat;
        -: 1733:    uint8_t temp;
        -: 1734:    uint8_t trail[16][3];// generate trail
    #####: 1735:    int flag = 0;
    #####: 1736:    int times = 0;
    #####: 1737:    int invertible = 1;
    #####: 1738:    InitRandom((randseed++) ^ ((unsigned int)time(NULL))); 
    #####: 1739:    identityM4(Mat);
    #####: 1740:    identityM4(Mat_inv);  
    #####: 1741:    randM4(&tempMat);
    #####: 1742:    copyM4(tempMat, &resultMat);
    #####: 1743:    for(i = 0; i < 4; i++)//diagonal = 1?
        -: 1744:    {
    #####: 1745:        if((tempMat.M[i] & idM4[i]) == idM4[i])
        -: 1746:        {
    #####: 1747:            for(j = i + 1; j < 4; j++)
        -: 1748:            {
    #####: 1749:                if((tempMat.M[j] & idM4[i]) == idM4[i])
        -: 1750:                {
    #####: 1751:                    tempMat.M[j] ^= tempMat.M[i];
        -: 1752:
    #####: 1753:                    (*Mat_inv).M[j] ^= (*Mat_inv).M[i];
        -: 1754:
    #####: 1755:                    trail[times][0] = 1;
    #####: 1756:                    trail[times][1] = j;
    #####: 1757:                    trail[times][2] = i;
    #####: 1758:                    times++;
        -: 1759:                }
        -: 1760:            }
        -: 1761:        }
        -: 1762:        else// swap to find 1
        -: 1763:        {
    #####: 1764:            flag = 1;
    #####: 1765:            for(j = i + 1; j < 4; j++)
        -: 1766:            {
    #####: 1767:                if((tempMat.M[j] & idM4[i]) == idM4[i])
        -: 1768:                {
    #####: 1769:                    temp = tempMat.M[i];
    #####: 1770:                    tempMat.M[i] = tempMat.M[j];
    #####: 1771:                    tempMat.M[j] = temp;
        -: 1772:
    #####: 1773:                    flag = 0;
        -: 1774:
    #####: 1775:                    temp = (*Mat_inv).M[i];
    #####: 1776:                    (*Mat_inv).M[i] = (*Mat_inv).M[j];
    #####: 1777:                    (*Mat_inv).M[j] = temp;
        -: 1778:
    #####: 1779:                    trail[times][0] = 0;
    #####: 1780:                    trail[times][1] = j;
    #####: 1781:                    trail[times][2] = i;
    #####: 1782:                    times++;
    #####: 1783:                    break;
        -: 1784:                }
        -: 1785:            }
    #####: 1786:            if(flag) //can not find 1 which means not invertible
        -: 1787:            {
    #####: 1788:                invertible = 0;
    #####: 1789:                if (i < 3)
        -: 1790:                {
    #####: 1791:                    p = i + 1 + cus_random()%(3 - i);//swap
    #####: 1792:                    temp = tempMat.M[p];
    #####: 1793:                    tempMat.M[p] = tempMat.M[i];
    #####: 1794:                    tempMat.M[i] = temp;
    #####: 1795:                    temp = (*Mat_inv).M[p];
    #####: 1796:                    (*Mat_inv).M[p] = (*Mat_inv).M[i];
    #####: 1797:                    (*Mat_inv).M[i] = temp;
    #####: 1798:                    trail[times][0] = 0;
    #####: 1799:                    trail[times][1] = p;
    #####: 1800:                    trail[times][2] = i;
    #####: 1801:                    times++;
    #####: 1802:                    for(t = i + 1; t < 4; t++)
        -: 1803:                    {
    #####: 1804:                        if(cus_random()%2)
        -: 1805:                        {
    #####: 1806:                            tempMat.M[t] ^= tempMat.M[i];
    #####: 1807:                            (*Mat_inv).M[t] ^= (*Mat_inv).M[i];
    #####: 1808:                            trail[times][0] = 1;
    #####: 1809:                            trail[times][1] = t;
    #####: 1810:                            trail[times][2] = i;
    #####: 1811:                            times++;
        -: 1812:                        }
        -: 1813:                    }
        -: 1814:                }
        -: 1815:            }
        -: 1816:            else //can still contiune
        -: 1817:            {
    #####: 1818:                for(k = i + 1; k < 4; k++)
        -: 1819:                {
    #####: 1820:                    if((tempMat.M[k] & idM4[i]) == idM4[i])
        -: 1821:                    {
    #####: 1822:                        tempMat.M[k] ^= tempMat.M[i];
        -: 1823:
    #####: 1824:                        (*Mat_inv).M[k] ^= (*Mat_inv).M[i];
        -: 1825:
    #####: 1826:                        trail[times][0] = 1;
    #####: 1827:                        trail[times][1] = k;
    #####: 1828:                        trail[times][2] = i;
    #####: 1829:                        times++;
        -: 1830:                    }
        -: 1831:                }
        -: 1832:            }
        -: 1833:        }
        -: 1834:    }
    #####: 1835:    if(!invertible)//not invertible
        -: 1836:    {
    #####: 1837:        for(t = 3; t >= 0; t--)
        -: 1838:        {
    #####: 1839:            for(j = t - 1; j >= 0; j--)
        -: 1840:            {
    #####: 1841:                if((tempMat.M[j] & idM4[t]) == idM4[t])
        -: 1842:                {
    #####: 1843:                    tempMat.M[j] ^= tempMat.M[t];
    #####: 1844:                    (*Mat_inv).M[j] ^= (*Mat_inv).M[t];
    #####: 1845:                    trail[times][0] = 1;
    #####: 1846:                    trail[times][1] = j;
    #####: 1847:                    trail[times][2] = t;
    #####: 1848:                    times++;
        -: 1849:                }
        -: 1850:            }
        -: 1851:        }
        -: 1852:        
    #####: 1853:        for(j = times - 1; j >= 0; j--)//generate inverse matrix
        -: 1854:        {
    #####: 1855:            if(trail[j][0])//add
        -: 1856:            {
    #####: 1857:                (*Mat).M[trail[j][1]] ^= (*Mat).M[trail[j][2]];
        -: 1858:            }
        -: 1859:            else//swap
        -: 1860:            {
    #####: 1861:                temp = (*Mat).M[trail[j][1]];
    #####: 1862:                (*Mat).M[trail[j][1]] = (*Mat).M[trail[j][2]];
    #####: 1863:                (*Mat).M[trail[j][2]] = temp;
        -: 1864:            }   
        -: 1865:        }
        -: 1866:    }
        -: 1867:    else//invertible 
        -: 1868:    {
    #####: 1869:        for(i = 3; i >= 0; i--)
        -: 1870:        {
    #####: 1871:            for(j = i - 1; j >= 0; j--)
        -: 1872:            {
    #####: 1873:                if((tempMat.M[j] & idM4[i]) == idM4[i])
        -: 1874:                {
    #####: 1875:                    tempMat.M[j] ^= tempMat.M[i];
        -: 1876:
    #####: 1877:                    (*Mat_inv).M[j] ^= (*Mat_inv).M[i];
        -: 1878:                }
        -: 1879:            }
        -: 1880:        }
[...]
    #####: 3182:    for(i = 0; i < 8; i++)
        -: 3183:    {
    #####: 3184:        m = (uint8_t*)&(*mat).M[j][1];
    #####: 3185:        *m = m16.M[i];
    #####: 3186:        j++;
        -: 3187:    }
    #####: 3188:}
    #####: 3189:void VectorcomV8to128(V8 v1, V8 v2, V8 v3, V8 v4, V8 v5, V8 v6, V8 v7, V8 v8, V8 v9, V8 v10, V8 v11, V8 v12, V8 v13, V8 v14, V8 v15, V8 v16, V128 *vec)//16 vectors concatenation
        -: 3190:{
        -: 3191:    uint8_t* v;
    #####: 3192:    v = (uint8_t*)&(*vec).V[0];
    #####: 3193:    *(v+7) = v1.V;
    #####: 3194:    *(v+6) = v2.V;
    #####: 3195:    *(v+5) = v3.V;
    #####: 3196:    *(v+4) = v4.V;
    #####: 3197:    *(v+3) = v5.V;
    #####: 3198:    *(v+2) = v6.V;
    #####: 3199:    *(v+1) = v7.V;
    #####: 3200:    *v = v8.V;
    #####: 3201:    v = (uint8_t*)&(*vec).V[1];
    #####: 3202:    *(v+7) = v9.V;
    #####: 3203:    *(v+6) = v10.V;
    #####: 3204:    *(v+5) = v11.V;
    #####: 3205:    *(v+4) = v12.V;
    #####: 3206:    *(v+3) = v13.V;
    #####: 3207:    *(v+2) = v14.V;
    #####: 3208:    *(v+1) = v15.V;
    #####: 3209:    *v = v16.V;
    #####: 3210:}
    #####: 3211:void affinecomM8to128(Aff8 aff1, Aff8 aff2, Aff8 aff3, Aff8 aff4, Aff8 aff5, Aff8 aff6, Aff8 aff7, Aff8 aff8, Aff8 aff9, Aff8 aff10, Aff8 aff11, Aff8 aff12, Aff8 aff13, Aff8 aff14, Aff8 aff15, Aff8 aff16, Aff128 *aff)//diagonal affine concatenation, 16 8*8 -> 128*128
        -: 3212:{
    #####: 3213:    MatrixcomM8to128(aff1.Mat, aff2.Mat, aff3.Mat, aff4.Mat, aff5.Mat, aff6.Mat, aff7.Mat, aff8.Mat, aff9.Mat, aff10.Mat, aff11.Mat, aff12.Mat, aff13.Mat, aff14.Mat, aff15.Mat, aff16.Mat, &(aff->Mat));
    #####: 3214:    VectorcomV8to128(aff1.Vec, aff2.Vec, aff3.Vec, aff4.Vec, aff5.Vec, aff6.Vec, aff7.Vec, aff8.Vec, aff9.Vec, aff10.Vec, aff11.Vec, aff12.Vec, aff13.Vec, aff14.Vec, aff15.Vec, aff16.Vec, &(aff->Vec));
    #####: 3215:}
    #####: 3216:void MatrixcomM16to128(M16 m1, M16 m2, M16 m3, M16 m4, M16 m5, M16 m6, M16 m7, M16 m8, M128 *mat)//diagonal matrix concatenation, 8 16*16 -> 128*128
        -: 3217:{
        -: 3218:    int i;
    #####: 3219:    int j = 0;
        -: 3220:    uint16_t* m;
    #####: 3221:    initM128(mat);
    #####: 3222:    for(i = 0; i < 16; i++)
        -: 3223:    {
    #####: 3224:        m = (uint16_t*)&(*mat).M[j][0];
    #####: 3225:        *(m+3) = m1.M[i];
    #####: 3226:        j++;
        -: 3227:    }
    #####: 3228:    for(i = 0; i < 16; i++)
        -: 3229:    {
    #####: 3230:        m = (uint16_t*)&(*mat).M[j][0];
    #####: 3231:        *(m+2) = m2.M[i];
    #####: 3232:        j++;
        -: 3233:    }
    #####: 3234:    for(i = 0; i < 16; i++)
        -: 3235:    {
    #####: 3236:        m = (uint16_t*)&(*mat).M[j][0];
    #####: 3237:        *(m+1) = m3.M[i];
    #####: 3238:        j++;
        -: 3239:    }
    #####: 3240:    for(i = 0; i < 16; i++)
        -: 3241:    {
    #####: 3242:        m = (uint16_t*)&(*mat).M[j][0];
    #####: 3243:        *m = m4.M[i];
    #####: 3244:        j++;
        -: 3245:    }
    #####: 3246:    for(i = 0; i < 16; i++)
        -: 3247:    {
    #####: 3248:        m = (uint16_t*)&(*mat).M[j][1];
    #####: 3249:        *(m+3) = m5.M[i];
    #####: 3250:        j++;
        -: 3251:    }
    #####: 3252:    for(i = 0; i < 16; i++)
        -: 3253:    {
    #####: 3254:        m = (uint16_t*)&(*mat).M[j][1];
    #####: 3255:        *(m+2) = m6.M[i];
    #####: 3256:        j++;
        -: 3257:    }
    #####: 3258:    for(i = 0; i < 16; i++)
        -: 3259:    {
    #####: 3260:        m = (uint16_t*)&(*mat).M[j][1];
    #####: 3261:        *(m+1) = m7.M[i];
    #####: 3262:        j++;
        -: 3263:    }
    #####: 3264:    for(i = 0; i < 16; i++)
        -: 3265:    {
    #####: 3266:        m = (uint16_t*)&(*mat).M[j][1];
    #####: 3267:        *m = m8.M[i];
    #####: 3268:        j++;
        -: 3269:    }
    #####: 3270:}
    #####: 3271:void VectorcomV16to128(V16 v1, V16 v2, V16 v3, V16 v4, V16 v5, V16 v6, V16 v7, V16 v8, V128 *vec)//8 vectors concatenation
        -: 3272:{
        -: 3273:    uint16_t* v;
    #####: 3274:    v = (uint16_t*)&(*vec).V[0];
    #####: 3275:    *(v+3) = v1.V;
    #####: 3276:    *(v+2) = v2.V;
    #####: 3277:    *(v+1) = v3.V;
    #####: 3278:    *v = v4.V;
    #####: 3279:    v = (uint16_t*)&(*vec).V[1];
    #####: 3280:    *(v+3) = v5.V;
    #####: 3281:    *(v+2) = v6.V;
    #####: 3282:    *(v+1) = v7.V;
    #####: 3283:    *v = v8.V;
    #####: 3284:}
    #####: 3285:void affinecomM16to128(Aff16 aff1, Aff16 aff2, Aff16 aff3, Aff16 aff4, Aff16 aff5, Aff16 aff6, Aff16 aff7, Aff16 aff8, Aff128 *aff)//diagonal affine concatenation, 8 16*16 -> 128*128
        -: 3286:{
    #####: 3287:    MatrixcomM16to128(aff1.Mat, aff2.Mat, aff3.Mat, aff4.Mat, aff5.Mat, aff6.Mat, aff7.Mat, aff8.Mat, &(aff->Mat));
    #####: 3288:    VectorcomV16to128(aff1.Vec, aff2.Vec, aff3.Vec, aff4.Vec, aff5.Vec, aff6.Vec, aff7.Vec, aff8.Vec, &(aff->Vec));
    #####: 3289:}
    #####: 3290:void MattransM4(M4 Mat, M4 *Mat_trans)//matrix tansposition M4
        -: 3291:{
        -: 3292:    int i, j;
        -: 3293:    uint8_t mask[2], k, k2, l, temp;
    #####: 3294:    mask[0] = 0x5;
    #####: 3295:    mask[1] = 0x3;
    #####: 3296:    for(j = 0; j < 2; j++)
        -: 3297:    {
    #####: 3298:        k = 1 << j;
    #####: 3299:        k2 = k * 2;
    #####: 3300:        for(i = 0; i < 2; i++)
        -: 3301:        {
    #####: 3302:            l = (k2 * i) % 3;
    #####: 3303:            temp = ((Mat.M[l] & ~mask[j]) ^ ((Mat.M[l + k] & ~mask[j]) >> k)) & 0x0f;
    #####: 3304:            Mat.M[l + k] = ((Mat.M[l + k] & mask[j]) ^ ((Mat.M[l] & mask[j]) << k)) & 0x0f;
    #####: 3305:            Mat.M[l] = temp;
        -: 3306:        }
        -: 3307:    }
    #####: 3308:    copyM4(Mat, Mat_trans);
    #####: 3309:}
    #####: 3310:void MattransM8(M8 Mat, M8 *Mat_trans)//matrix tansposition M8
        -: 3311:{
        -: 3312:    int i, j;
        -: 3313:    uint8_t mask[3], k, k2, l, temp;
    #####: 3314:    mask[0] = 0x55;
    #####: 3315:    mask[1] = 0x33;
    #####: 3316:    mask[2] = 0x0f;
    #####: 3317:    for(j = 0; j < 3; j++)
        -: 3318:    {
    #####: 3319:        k = 1 << j;
    #####: 3320:        k2 = k * 2;
    #####: 3321:        for(i = 0; i < 4; i++)
        -: 3322:        {
    #####: 3323:            l = (k2 * i) % 7;
    #####: 3324:            temp = (Mat.M[l] & ~mask[j]) ^ ((Mat.M[l + k] & ~mask[j]) >> k);
    #####: 3325:            Mat.M[l + k] = (Mat.M[l + k] & mask[j]) ^ ((Mat.M[l] & mask[j]) << k);
    #####: 3326:            Mat.M[l] = temp;
        -: 3327:        }
        -: 3328:    }
    #####: 3329:    copyM8(Mat, Mat_trans);
    #####: 3330:}
    #####: 3331:void MattransM16(M16 Mat, M16 *Mat_trans)//matrix tansposition M16
        -: 3332:{
        -: 3333:    int i, j;
        -: 3334:    uint16_t mask[4], k, k2, l, temp;
    #####: 3335:    mask[0] = 0x5555;
    #####: 3336:    mask[1] = 0x3333;
    #####: 3337:    mask[2] = 0x0f0f;
    #####: 3338:    mask[3] = 0x00ff;
    #####: 3339:    for(j = 0; j < 4; j++)
        -: 3340:    {
    #####: 3341:        k = 1 << j;
    #####: 3342:        k2 = k * 2;
    #####: 3343:        for(i = 0; i < 8; i++)
        -: 3344:        {
    #####: 3345:            l = (k2 * i) % 15;
    #####: 3346:            temp = (Mat.M[l] & ~mask[j]) ^ ((Mat.M[l + k] & ~mask[j]) >> k);
    #####: 3347:            Mat.M[l + k] = (Mat.M[l + k] & mask[j]) ^ ((Mat.M[l] & mask[j]) << k);
    #####: 3348:            Mat.M[l] = temp;
        -: 3349:        }
        -: 3350:    }
    #####: 3351:    copyM16(Mat, Mat_trans);
    #####: 3352:}
    #####: 3353:void MattransM32(M32 Mat, M32 *Mat_trans)//matrix tansposition M32
        -: 3354:{
        -: 3355:    int i, j;
        -: 3356:    uint32_t mask[5], k, k2, l, temp;
    #####: 3357:    mask[0] = 0x55555555;
    #####: 3358:    mask[1] = 0x33333333;
    #####: 3359:    mask[2] = 0x0f0f0f0f;
    #####: 3360:    mask[3] = 0x00ff00ff;
    #####: 3361:    mask[4] = 0x0000ffff;
    #####: 3362:    for(j = 0; j < 5; j++)
        -: 3363:    {
    #####: 3364:        k = 1 << j;
    #####: 3365:        k2 = k * 2;
    #####: 3366:        for(i = 0; i < 16; i++)
        -: 3367:        {
    #####: 3368:            l = (k2 * i) % 31;
    #####: 3369:            temp = (Mat.M[l] & ~mask[j]) ^ ((Mat.M[l + k] & ~mask[j]) >> k);
    #####: 3370:            Mat.M[l + k] = (Mat.M[l + k] & mask[j]) ^ ((Mat.M[l] & mask[j]) << k);
    #####: 3371:            Mat.M[l] = temp;
        -: 3372:        }
        -: 3373:    }
    #####: 3374:    copyM32(Mat, Mat_trans);
    #####: 3375:}
    #####: 3376:void MattransM64(M64 Mat, M64 *Mat_trans)//matrix tansposition M64
        -: 3377:{
        -: 3378:    int i, j;
        -: 3379:    uint64_t mask[6], k, k2, l, temp;
    #####: 3380:    mask[0] = 0x5555555555555555;
    #####: 3381:    mask[1] = 0x3333333333333333;
    #####: 3382:    mask[2] = 0x0f0f0f0f0f0f0f0f;
    #####: 3383:    mask[3] = 0x00ff00ff00ff00ff;
    #####: 3384:    mask[4] = 0x0000ffff0000ffff;
    #####: 3385:    mask[5] = 0x00000000ffffffff;
    #####: 3386:    for(j = 0; j < 6; j++)
        -: 3387:    {
    #####: 3388:        k = 1 << j;
    #####: 3389:        k2 = k * 2;
    #####: 3390:        for(i = 0; i < 32; i++)
        -: 3391:        {
    #####: 3392:            l = (k2 * i) % 63;
    #####: 3393:            temp = (Mat.M[l] & ~mask[j]) ^ ((Mat.M[l + k] & ~mask[j]) >> k);
    #####: 3394:            Mat.M[l + k] = (Mat.M[l + k] & mask[j]) ^ ((Mat.M[l] & mask[j]) << k);
    #####: 3395:            Mat.M[l] = temp;
        -: 3396:        }
        -: 3397:    }
    #####: 3398:    copyM64(Mat, Mat_trans);
    #####: 3399:}
    #####: 3400:void MattransM128(M128 Mat, M128 *Mat_trans)//matrix tansposition M128
        -: 3401:{
        -: 3402:    int i, j;
        -: 3403:    uint64_t mask[6], k, k2, l, temp;
    #####: 3404:    mask[0] = 0x5555555555555555;
    #####: 3405:    mask[1] = 0x3333333333333333;
    #####: 3406:    mask[2] = 0x0f0f0f0f0f0f0f0f;
    #####: 3407:    mask[3] = 0x00ff00ff00ff00ff;
    #####: 3408:    mask[4] = 0x0000ffff0000ffff;
    #####: 3409:    mask[5] = 0x00000000ffffffff;
    #####: 3410:    for(j = 0; j < 6; j++)
        -: 3411:    {
    #####: 3412:        k = 1 << j;
    #####: 3413:        k2 = k * 2;
    #####: 3414:        for(i = 0; i < 64; i++)
        -: 3415:        {
    #####: 3416:            l = (k2 * i) % 127;
    #####: 3417:            temp = (Mat.M[l][0] & ~mask[j]) ^ ((Mat.M[l + k][0] & ~mask[j]) >> k);
    #####: 3418:            Mat.M[l + k][0] = (Mat.M[l + k][0] & mask[j]) ^ ((Mat.M[l][0] & mask[j]) << k);
    #####: 3419:            Mat.M[l][0] = temp;
        -: 3420:
    #####: 3421:            temp = (Mat.M[l][1] & ~mask[j]) ^ ((Mat.M[l + k][1] & ~mask[j]) >> k);
    #####: 3422:            Mat.M[l + k][1] = (Mat.M[l + k][1] & mask[j]) ^ ((Mat.M[l][1] & mask[j]) << k);
    #####: 3423:            Mat.M[l][1] = temp;
        -: 3424:        }
        -: 3425:    }
    #####: 3426:    for(i = 0; i < 64; i++)
        -: 3427:    {
    #####: 3428:        temp = Mat.M[i + 64][0];
    #####: 3429:        Mat.M[i + 64][0] = Mat.M[i][1]; 
    #####: 3430:        Mat.M[i][1] = temp;
        -: 3431:    }
    #####: 3432:    copyM128(Mat, Mat_trans);
    #####: 3433:}
    #####: 3434:void MatAddMatM4(M4 Mat1, M4 Mat2, M4 *Mat)
        -: 3435:{
        -: 3436:    int i;
    #####: 3437:    for(i = 0; i < 4; i++)
        -: 3438:    {
    #####: 3439:        (*Mat).M[i] = Mat1.M[i] ^ Mat2.M[i];
        -: 3440:    }
    #####: 3441:}
    #####: 3442:void MatAddMatM8(M8 Mat1, M8 Mat2, M8 *Mat)
        -: 3443:{
        -: 3444:    int i;
    #####: 3445:    for(i = 0; i < 8; i++)
        -: 3446:    {
    #####: 3447:        (*Mat).M[i] = Mat1.M[i] ^ Mat2.M[i];
        -: 3448:    }
    #####: 3449:}
    #####: 3450:void MatAddMatM16(M16 Mat1, M16 Mat2, M16 *Mat)
        -: 3451:{
        -: 3452:    int i;
    #####: 3453:    for(i = 0; i < 16; i++)
        -: 3454:    {
    #####: 3455:        (*Mat).M[i] = Mat1.M[i] ^ Mat2.M[i];
        -: 3456:    }
    #####: 3457:}
    #####: 3458:void MatAddMatM32(M32 Mat1, M32 Mat2, M32 *Mat)
        -: 3459:{
        -: 3460:    int i;
    #####: 3461:    for(i = 0; i < 32; i++)
        -: 3462:    {
    #####: 3463:        (*Mat).M[i] = Mat1.M[i] ^ Mat2.M[i];
        -: 3464:    }
    #####: 3465:}
    #####: 3466:void MatAddMatM64(M64 Mat1, M64 Mat2, M64 *Mat)
        -: 3467:{
        -: 3468:    int i;
    #####: 3469:    for(i = 0; i < 64; i++)
        -: 3470:    {
    #####: 3471:        (*Mat).M[i] = Mat1.M[i] ^ Mat2.M[i];
        -: 3472:    }
    #####: 3473:}
    #####: 3474:void MatAddMatM128(M128 Mat1, M128 Mat2, M128 *Mat)
        -: 3475:{
        -: 3476:    int i;
    #####: 3477:    for(i = 0; i < 128; i++)
        -: 3478:    {
    #####: 3479:        (*Mat).M[i][0] = Mat1.M[i][0] ^ Mat2.M[i][0];
    #####: 3480:        (*Mat).M[i][1] = Mat1.M[i][1] ^ Mat2.M[i][1];
        -: 3481:    }
    #####: 3482:}
    #####: 3483:void MatMulMatM4(M4 Mat1, M4 Mat2, M4 *Mat)//matrix multiplication 4*4 mul 4*4 -> 4*4
        -: 3484:{
        -: 3485:    int i, j;
        -: 3486:    M4 Mat2_trans;
    #####: 3487:    initM4(Mat);
    #####: 3488:    MattransM4(Mat2, &Mat2_trans);
    #####: 3489:    for(i = 0; i < 4; i++)
        -: 3490:    {
    #####: 3491:        for(j = 0; j < 4; j++)
        -: 3492:        {
    #####: 3493:            if(xorU4(Mat1.M[i] & Mat2_trans.M[j] & 0x0f)) (*Mat).M[i] ^= idM4[j];
        -: 3494:        }       
        -: 3495:    }
    #####: 3496:}
    #####: 3497:void MatMulMatM8(M8 Mat1, M8 Mat2, M8 *Mat)//matrix multiplication 8*8 mul 8*8 -> 8*8
        -: 3498:{
        -: 3499:    int i, j;
        -: 3500:    M8 Mat2_trans;
    #####: 3501:    initM8(Mat);
    #####: 3502:    MattransM8(Mat2, &Mat2_trans);
    #####: 3503:    for(i = 0; i < 8; i++)
        -: 3504:    {
    #####: 3505:        for(j = 0; j < 8; j++)
        -: 3506:        {
    #####: 3507:            if(xorU8(Mat1.M[i] & Mat2_trans.M[j])) (*Mat).M[i] ^= idM8[j];
        -: 3508:        }       
        -: 3509:    }
    #####: 3510:}
    #####: 3511:void MatMulMatM16(M16 Mat1, M16 Mat2, M16 *Mat)//matrix multiplication 16*16 mul 16*16 -> 16*16
        -: 3512:{
        -: 3513:    int i, j;
        -: 3514:    M16 Mat2_trans;
    #####: 3515:    initM16(Mat);
    #####: 3516:    MattransM16(Mat2, &Mat2_trans);
    #####: 3517:    for(i = 0; i < 16; i++)
        -: 3518:    {
    #####: 3519:        for(j = 0; j < 16; j++)
        -: 3520:        {
    #####: 3521:            if(xorU16(Mat1.M[i] & Mat2_trans.M[j])) (*Mat).M[i] ^= idM16[j];
        -: 3522:        }       
        -: 3523:    }
    #####: 3524:}
    #####: 3525:void MatMulMatM32(M32 Mat1, M32 Mat2, M32 *Mat)//matrix multiplication 32*32 mul 32*32 -> 32*32
        -: 3526:{
        -: 3527:    int i, j;
        -: 3528:    M32 Mat2_trans;
    #####: 3529:    initM32(Mat);
    #####: 3530:    MattransM32(Mat2, &Mat2_trans);
    #####: 3531:    for(i = 0; i < 32; i++)
        -: 3532:    {
    #####: 3533:        for(j = 0; j < 32; j++)
        -: 3534:        {
    #####: 3535:            if(xorU32(Mat1.M[i] & Mat2_trans.M[j])) (*Mat).M[i] ^= idM32[j];
        -: 3536:        }       
        -: 3537:    } 
    #####: 3538:}
    #####: 3539:void MatMulMatM64(M64 Mat1, M64 Mat2, M64 *Mat)//matrix multiplication 64*64 mul 64*64 -> 64*64
        -: 3540:{
        -: 3541:    int i, j;
        -: 3542:    M64 Mat2_trans;
    #####: 3543:    initM64(Mat);
    #####: 3544:    MattransM64(Mat2, &Mat2_trans);
    #####: 3545:    for(i = 0; i < 64; i++)
        -: 3546:    {
    #####: 3547:        for(j = 0; j < 64; j++)
        -: 3548:        {
    #####: 3549:            if(xorU64(Mat1.M[i] & Mat2_trans.M[j])) (*Mat).M[i] ^= idM64[j];
        -: 3550:        }       
        -: 3551:    } 
    #####: 3552:}
    #####: 3553:void MatMulMatM128(M128 Mat1, M128 Mat2, M128 *Mat)//matrix multiplication 128*128 mul 128*128 -> 128*128
        -: 3554:{
        -: 3555:    int i, j;
        -: 3556:    M128 Mat2_trans;
        -: 3557:    uint64_t temp[2];
    #####: 3558:    initM128(Mat);
    #####: 3559:    MattransM128(Mat2, &Mat2_trans);
    #####: 3560:    for(i = 0; i < 128; i++)
        -: 3561:    {
    #####: 3562:        for(j = 0; j < 64; j++)
        -: 3563:        {
    #####: 3564:            temp[0] = Mat1.M[i][0] & Mat2_trans.M[j][0];
    #####: 3565:            temp[1] = Mat1.M[i][1] & Mat2_trans.M[j][1];
    #####: 3566:            if(xorU128(temp)) (*Mat).M[i][0] ^= idM64[j];
        -: 3567:        }
    #####: 3568:        for(j = 64; j < 128; j++)
        -: 3569:        {
    #####: 3570:            temp[0] = Mat1.M[i][0] & Mat2_trans.M[j][0];
    #####: 3571:            temp[1] = Mat1.M[i][1] & Mat2_trans.M[j][1];
    #####: 3572:            if(xorU128(temp)) (*Mat).M[i][1] ^= idM64[j-64];
        -: 3573:        }
        -: 3574:    } 
    #####: 3575:}
    #####: 3576:void affinemixM4(Aff4 aff, Aff4 preaff_inv, Aff4 *mixaff)//mixed transformation of (previous affine inversion) and this round affine
        -: 3577:{
    #####: 3578:    MatMulMatM4(aff.Mat, preaff_inv.Mat, &(mixaff->Mat));
    #####: 3579:    MatMulVecM4(aff.Mat, preaff_inv.Vec, &(mixaff->Vec));
    #####: 3580:    (*mixaff).Vec.V ^= aff.Vec.V;
    #####: 3581:}
    #####: 3582:void affinemixM8(Aff8 aff, Aff8 preaff_inv, Aff8 *mixaff)//mixed transformation of (previous affine inversion) and this round affine
        -: 3583:{
    #####: 3584:    MatMulMatM8(aff.Mat, preaff_inv.Mat, &(mixaff->Mat));
    #####: 3585:    MatMulVecM8(aff.Mat, preaff_inv.Vec, &(mixaff->Vec));
    #####: 3586:    (*mixaff).Vec.V ^= aff.Vec.V;
    #####: 3587:}
    #####: 3588:void affinemixM16(Aff16 aff, Aff16 preaff_inv, Aff16 *mixaff)//mixed transformation of (previous affine inversion) and this round affine
        -: 3589:{
    #####: 3590:    MatMulMatM16(aff.Mat, preaff_inv.Mat, &(mixaff->Mat));
    #####: 3591:    MatMulVecM16(aff.Mat, preaff_inv.Vec, &(mixaff->Vec));
    #####: 3592:    (*mixaff).Vec.V ^= aff.Vec.V;
    #####: 3593:}
    #####: 3594:void affinemixM32(Aff32 aff, Aff32 preaff_inv, Aff32 *mixaff)//mixed transformation of (previous affine inversion) and this round affine
        -: 3595:{
    #####: 3596:    MatMulMatM32(aff.Mat, preaff_inv.Mat, &(mixaff->Mat));
    #####: 3597:    MatMulVecM32(aff.Mat, preaff_inv.Vec, &(mixaff->Vec));
    #####: 3598:    (*mixaff).Vec.V ^= aff.Vec.V;
    #####: 3599:}
    #####: 3600:void affinemixM64(Aff64 aff, Aff64 preaff_inv, Aff64 *mixaff)//mixed transformation of (previous affine inversion) and this round affine
        -: 3601:{
    #####: 3602:    MatMulMatM64(aff.Mat, preaff_inv.Mat, &(mixaff->Mat));
    #####: 3603:    MatMulVecM64(aff.Mat, preaff_inv.Vec, &(mixaff->Vec));
    #####: 3604:    (*mixaff).Vec.V ^= aff.Vec.V;
    #####: 3605:}
    #####: 3606:void affinemixM128(Aff128 aff, Aff128 preaff_inv, Aff128 *mixaff)//mixed transformation of (previous affine inversion) and this round affine
        -: 3607:{
    #####: 3608:    MatMulMatM128(aff.Mat, preaff_inv.Mat, &(mixaff->Mat));
    #####: 3609:    MatMulVecM128(aff.Mat, preaff_inv.Vec, &(mixaff->Vec));
    #####: 3610:    (*mixaff).Vec.V[0] ^= aff.Vec.V[0];
    #####: 3611:    (*mixaff).Vec.V[1] ^= aff.Vec.V[1];
    #####: 3612:}
